This file contains any messages produced by compilers while
running configure, to aid debugging if configure makes a mistake.

It was created by configure, which was
generated by GNU Autoconf 2.61.  Invocation command line was

  $ ./configure 

## --------- ##
## Platform. ##
## --------- ##

hostname = slurm
uname -m = x86_64
uname -r = 2.6.22-ck1
uname -s = Linux
uname -v = #1 SMP PREEMPT Wed Jul 18 20:58:19 BST 2007

/usr/bin/uname -p = Intel(R) Core(TM)2 CPU T7200 @ 2.00GHz
/bin/uname -X     = unknown

/bin/arch              = x86_64
/usr/bin/arch -k       = unknown
/usr/convex/getsysinfo = unknown
/usr/bin/hostinfo      = unknown
/bin/machine           = unknown
/usr/bin/oslevel       = unknown
/bin/universe          = unknown

PATH: /usr/local/bin
PATH: /usr/bin
PATH: /bin
PATH: /opt/bin
PATH: /usr/x86_64-pc-linux-gnu/gcc-bin/4.1.2
PATH: /usr/games/bin


## ----------- ##
## Core tests. ##
## ----------- ##

configure:1974: checking for a BSD-compatible install
configure:2030: result: /usr/bin/install -c
configure:2041: checking whether build environment is sane
configure:2084: result: yes
configure:2112: checking for a thread-safe mkdir -p
configure:2151: result: /bin/mkdir -p
configure:2164: checking for gawk
configure:2180: found /usr/bin/gawk
configure:2191: result: gawk
configure:2202: checking whether make sets $(MAKE)
configure:2223: result: yes
configure:2466: checking for gcc
configure:2482: found /usr/bin/gcc
configure:2493: result: gcc
configure:2731: checking for C compiler version
configure:2738: gcc --version >&5
gcc (GCC) 4.1.2 (Gentoo 4.1.2)
Copyright (C) 2006 Free Software Foundation, Inc.
This is free software; see the source for copying conditions.  There is NO
warranty; not even for MERCHANTABILITY or FITNESS FOR A PARTICULAR PURPOSE.

configure:2741: $? = 0
configure:2748: gcc -v >&5
Using built-in specs.
Target: x86_64-pc-linux-gnu
Configured with: /var/tmp/paludis/sys-devel/gcc-4.1.2/work/gcc-4.1.2/configure --prefix=/usr --bindir=/usr/x86_64-pc-linux-gnu/gcc-bin/4.1.2 --includedir=/usr/lib/gcc/x86_64-pc-linux-gnu/4.1.2/include --datadir=/usr/share/gcc-data/x86_64-pc-linux-gnu/4.1.2 --mandir=/usr/share/gcc-data/x86_64-pc-linux-gnu/4.1.2/man --infodir=/usr/share/gcc-data/x86_64-pc-linux-gnu/4.1.2/info --with-gxx-include-dir=/usr/lib/gcc/x86_64-pc-linux-gnu/4.1.2/include/g++-v4 --host=x86_64-pc-linux-gnu --build=x86_64-pc-linux-gnu --disable-altivec --enable-nls --without-included-gettext --with-system-zlib --disable-checking --disable-werror --enable-secureplt --disable-libunwind-exceptions --enable-multilib --disable-libmudflap --disable-libssp --disable-libgcj --enable-languages=c,c++,fortran --enable-shared --enable-threads=posix --enable-__cxa_atexit --enable-clocale=gnu
Thread model: posix
gcc version 4.1.2 (Gentoo 4.1.2)
configure:2751: $? = 0
configure:2758: gcc -V >&5
gcc: '-V' option must have argument
configure:2761: $? = 1
configure:2784: checking for C compiler default output file name
configure:2811: gcc    conftest.c  >&5
configure:2814: $? = 0
configure:2852: result: a.out
configure:2869: checking whether the C compiler works
configure:2879: ./a.out
configure:2882: $? = 0
configure:2899: result: yes
configure:2906: checking whether we are cross compiling
configure:2908: result: no
configure:2911: checking for suffix of executables
configure:2918: gcc -o conftest    conftest.c  >&5
configure:2921: $? = 0
configure:2945: result: 
configure:2951: checking for suffix of object files
configure:2977: gcc -c   conftest.c >&5
configure:2980: $? = 0
configure:3003: result: o
configure:3007: checking whether we are using the GNU C compiler
configure:3036: gcc -c   conftest.c >&5
configure:3042: $? = 0
configure:3059: result: yes
configure:3064: checking whether gcc accepts -g
configure:3094: gcc -c -g  conftest.c >&5
configure:3100: $? = 0
configure:3199: result: yes
configure:3216: checking for gcc option to accept ISO C89
configure:3290: gcc  -c -g -O2  conftest.c >&5
configure:3296: $? = 0
configure:3319: result: none needed
configure:3348: checking for style of include used by make
configure:3376: result: GNU
configure:3401: checking dependency style of gcc
configure:3492: result: gcc3
configure:3513: checking how to run the C preprocessor
configure:3553: gcc -E  conftest.c
configure:3559: $? = 0
configure:3590: gcc -E  conftest.c
conftest.c:10:28: error: ac_nonexistent.h: No such file or directory
configure:3596: $? = 1
configure: failed program was:
| /* confdefs.h.  */
| #define PACKAGE_NAME ""
| #define PACKAGE_TARNAME ""
| #define PACKAGE_VERSION ""
| #define PACKAGE_STRING ""
| #define PACKAGE_BUGREPORT ""
| #define PACKAGE "mtc_dummyplug"
| #define VERSION "1.3.7"
| /* end confdefs.h.  */
| #include <ac_nonexistent.h>
configure:3629: result: gcc -E
configure:3658: gcc -E  conftest.c
configure:3664: $? = 0
configure:3695: gcc -E  conftest.c
conftest.c:10:28: error: ac_nonexistent.h: No such file or directory
configure:3701: $? = 1
configure: failed program was:
| /* confdefs.h.  */
| #define PACKAGE_NAME ""
| #define PACKAGE_TARNAME ""
| #define PACKAGE_VERSION ""
| #define PACKAGE_STRING ""
| #define PACKAGE_BUGREPORT ""
| #define PACKAGE "mtc_dummyplug"
| #define VERSION "1.3.7"
| /* end confdefs.h.  */
| #include <ac_nonexistent.h>
configure:3739: checking for grep that handles long lines and -e
configure:3813: result: /bin/grep
configure:3818: checking for egrep
configure:3896: result: /bin/grep -E
configure:3902: checking for AIX
configure:3924: result: no
configure:3930: checking for library containing strerror
configure:3971: gcc -o conftest -g -O2   conftest.c  >&5
configure:3977: $? = 0
configure:4005: result: none required
configure:4013: checking for ANSI C header files
configure:4043: gcc -c -g -O2  conftest.c >&5
configure:4049: $? = 0
configure:4148: gcc -o conftest -g -O2   conftest.c  >&5
configure:4151: $? = 0
configure:4157: ./conftest
configure:4160: $? = 0
configure:4177: result: yes
configure:4201: checking for sys/types.h
configure:4222: gcc -c -g -O2  conftest.c >&5
configure:4228: $? = 0
configure:4244: result: yes
configure:4201: checking for sys/stat.h
configure:4222: gcc -c -g -O2  conftest.c >&5
configure:4228: $? = 0
configure:4244: result: yes
configure:4201: checking for stdlib.h
configure:4222: gcc -c -g -O2  conftest.c >&5
configure:4228: $? = 0
configure:4244: result: yes
configure:4201: checking for string.h
configure:4222: gcc -c -g -O2  conftest.c >&5
configure:4228: $? = 0
configure:4244: result: yes
configure:4201: checking for memory.h
configure:4222: gcc -c -g -O2  conftest.c >&5
configure:4228: $? = 0
configure:4244: result: yes
configure:4201: checking for strings.h
configure:4222: gcc -c -g -O2  conftest.c >&5
configure:4228: $? = 0
configure:4244: result: yes
configure:4201: checking for inttypes.h
configure:4222: gcc -c -g -O2  conftest.c >&5
configure:4228: $? = 0
configure:4244: result: yes
configure:4201: checking for stdint.h
configure:4222: gcc -c -g -O2  conftest.c >&5
configure:4228: $? = 0
configure:4244: result: yes
configure:4201: checking for unistd.h
configure:4222: gcc -c -g -O2  conftest.c >&5
configure:4228: $? = 0
configure:4244: result: yes
configure:4266: checking minix/config.h usability
configure:4283: gcc -c -g -O2  conftest.c >&5
conftest.c:53:26: error: minix/config.h: No such file or directory
configure:4289: $? = 1
configure: failed program was:
| /* confdefs.h.  */
| #define PACKAGE_NAME ""
| #define PACKAGE_TARNAME ""
| #define PACKAGE_VERSION ""
| #define PACKAGE_STRING ""
| #define PACKAGE_BUGREPORT ""
| #define PACKAGE "mtc_dummyplug"
| #define VERSION "1.3.7"
| #define STDC_HEADERS 1
| #define HAVE_SYS_TYPES_H 1
| #define HAVE_SYS_STAT_H 1
| #define HAVE_STDLIB_H 1
| #define HAVE_STRING_H 1
| #define HAVE_MEMORY_H 1
| #define HAVE_STRINGS_H 1
| #define HAVE_INTTYPES_H 1
| #define HAVE_STDINT_H 1
| #define HAVE_UNISTD_H 1
| /* end confdefs.h.  */
| #include <stdio.h>
| #ifdef HAVE_SYS_TYPES_H
| # include <sys/types.h>
| #endif
| #ifdef HAVE_SYS_STAT_H
| # include <sys/stat.h>
| #endif
| #ifdef STDC_HEADERS
| # include <stdlib.h>
| # include <stddef.h>
| #else
| # ifdef HAVE_STDLIB_H
| #  include <stdlib.h>
| # endif
| #endif
| #ifdef HAVE_STRING_H
| # if !defined STDC_HEADERS && defined HAVE_MEMORY_H
| #  include <memory.h>
| # endif
| # include <string.h>
| #endif
| #ifdef HAVE_STRINGS_H
| # include <strings.h>
| #endif
| #ifdef HAVE_INTTYPES_H
| # include <inttypes.h>
| #endif
| #ifdef HAVE_STDINT_H
| # include <stdint.h>
| #endif
| #ifdef HAVE_UNISTD_H
| # include <unistd.h>
| #endif
| #include <minix/config.h>
configure:4303: result: no
configure:4307: checking minix/config.h presence
configure:4322: gcc -E  conftest.c
conftest.c:20:26: error: minix/config.h: No such file or directory
configure:4328: $? = 1
configure: failed program was:
| /* confdefs.h.  */
| #define PACKAGE_NAME ""
| #define PACKAGE_TARNAME ""
| #define PACKAGE_VERSION ""
| #define PACKAGE_STRING ""
| #define PACKAGE_BUGREPORT ""
| #define PACKAGE "mtc_dummyplug"
| #define VERSION "1.3.7"
| #define STDC_HEADERS 1
| #define HAVE_SYS_TYPES_H 1
| #define HAVE_SYS_STAT_H 1
| #define HAVE_STDLIB_H 1
| #define HAVE_STRING_H 1
| #define HAVE_MEMORY_H 1
| #define HAVE_STRINGS_H 1
| #define HAVE_INTTYPES_H 1
| #define HAVE_STDINT_H 1
| #define HAVE_UNISTD_H 1
| /* end confdefs.h.  */
| #include <minix/config.h>
configure:4342: result: no
configure:4370: checking for minix/config.h
configure:4377: result: no
configure:4406: checking for ANSI C header files
configure:4570: result: yes
configure:4659: checking build system type
configure:4677: result: x86_64-unknown-linux-gnu
configure:4699: checking host system type
configure:4714: result: x86_64-unknown-linux-gnu
configure:4736: checking for a sed that does not truncate output
configure:4792: result: /bin/sed
configure:4806: checking for ld used by gcc
configure:4873: result: /usr/x86_64-pc-linux-gnu/bin/ld
configure:4882: checking if the linker (/usr/x86_64-pc-linux-gnu/bin/ld) is GNU ld
configure:4897: result: yes
configure:4902: checking for /usr/x86_64-pc-linux-gnu/bin/ld option to reload object files
configure:4909: result: -r
configure:4927: checking for BSD-compatible nm
configure:4976: result: /usr/bin/nm -B
configure:4980: checking whether ln -s works
configure:4984: result: yes
configure:4991: checking how to recognize dependent libraries
configure:5177: result: pass_all
configure:5265: gcc -c -g -O2  conftest.c >&5
configure:5268: $? = 0
configure:5427: checking dlfcn.h usability
configure:5444: gcc -c -g -O2  conftest.c >&5
configure:5450: $? = 0
configure:5464: result: yes
configure:5468: checking dlfcn.h presence
configure:5483: gcc -E  conftest.c
configure:5489: $? = 0
configure:5503: result: yes
configure:5531: checking for dlfcn.h
configure:5539: result: yes
configure:5610: checking for g++
configure:5626: found /usr/bin/g++
configure:5637: result: g++
configure:5668: checking for C++ compiler version
configure:5675: g++ --version >&5
g++ (GCC) 4.1.2 (Gentoo 4.1.2)
Copyright (C) 2006 Free Software Foundation, Inc.
This is free software; see the source for copying conditions.  There is NO
warranty; not even for MERCHANTABILITY or FITNESS FOR A PARTICULAR PURPOSE.

configure:5678: $? = 0
configure:5685: g++ -v >&5
Using built-in specs.
Target: x86_64-pc-linux-gnu
Configured with: /var/tmp/paludis/sys-devel/gcc-4.1.2/work/gcc-4.1.2/configure --prefix=/usr --bindir=/usr/x86_64-pc-linux-gnu/gcc-bin/4.1.2 --includedir=/usr/lib/gcc/x86_64-pc-linux-gnu/4.1.2/include --datadir=/usr/share/gcc-data/x86_64-pc-linux-gnu/4.1.2 --mandir=/usr/share/gcc-data/x86_64-pc-linux-gnu/4.1.2/man --infodir=/usr/share/gcc-data/x86_64-pc-linux-gnu/4.1.2/info --with-gxx-include-dir=/usr/lib/gcc/x86_64-pc-linux-gnu/4.1.2/include/g++-v4 --host=x86_64-pc-linux-gnu --build=x86_64-pc-linux-gnu --disable-altivec --enable-nls --without-included-gettext --with-system-zlib --disable-checking --disable-werror --enable-secureplt --disable-libunwind-exceptions --enable-multilib --disable-libmudflap --disable-libssp --disable-libgcj --enable-languages=c,c++,fortran --enable-shared --enable-threads=posix --enable-__cxa_atexit --enable-clocale=gnu
Thread model: posix
gcc version 4.1.2 (Gentoo 4.1.2)
configure:5688: $? = 0
configure:5695: g++ -V >&5
g++: '-V' option must have argument
configure:5698: $? = 1
configure:5701: checking whether we are using the GNU C++ compiler
configure:5730: g++ -c   conftest.cpp >&5
configure:5736: $? = 0
configure:5753: result: yes
configure:5758: checking whether g++ accepts -g
configure:5788: g++ -c -g  conftest.cpp >&5
configure:5794: $? = 0
configure:5893: result: yes
configure:5918: checking dependency style of g++
configure:6009: result: gcc3
configure:6034: checking how to run the C++ preprocessor
configure:6070: g++ -E  conftest.cpp
configure:6076: $? = 0
configure:6107: g++ -E  conftest.cpp
conftest.cpp:22:28: error: ac_nonexistent.h: No such file or directory
configure:6113: $? = 1
configure: failed program was:
| /* confdefs.h.  */
| #define PACKAGE_NAME ""
| #define PACKAGE_TARNAME ""
| #define PACKAGE_VERSION ""
| #define PACKAGE_STRING ""
| #define PACKAGE_BUGREPORT ""
| #define PACKAGE "mtc_dummyplug"
| #define VERSION "1.3.7"
| #define STDC_HEADERS 1
| #define HAVE_SYS_TYPES_H 1
| #define HAVE_SYS_STAT_H 1
| #define HAVE_STDLIB_H 1
| #define HAVE_STRING_H 1
| #define HAVE_MEMORY_H 1
| #define HAVE_STRINGS_H 1
| #define HAVE_INTTYPES_H 1
| #define HAVE_STDINT_H 1
| #define HAVE_UNISTD_H 1
| #define STDC_HEADERS 1
| #define HAVE_DLFCN_H 1
| /* end confdefs.h.  */
| #include <ac_nonexistent.h>
configure:6146: result: g++ -E
configure:6175: g++ -E  conftest.cpp
configure:6181: $? = 0
configure:6212: g++ -E  conftest.cpp
conftest.cpp:22:28: error: ac_nonexistent.h: No such file or directory
configure:6218: $? = 1
configure: failed program was:
| /* confdefs.h.  */
| #define PACKAGE_NAME ""
| #define PACKAGE_TARNAME ""
| #define PACKAGE_VERSION ""
| #define PACKAGE_STRING ""
| #define PACKAGE_BUGREPORT ""
| #define PACKAGE "mtc_dummyplug"
| #define VERSION "1.3.7"
| #define STDC_HEADERS 1
| #define HAVE_SYS_TYPES_H 1
| #define HAVE_SYS_STAT_H 1
| #define HAVE_STDLIB_H 1
| #define HAVE_STRING_H 1
| #define HAVE_MEMORY_H 1
| #define HAVE_STRINGS_H 1
| #define HAVE_INTTYPES_H 1
| #define HAVE_STDINT_H 1
| #define HAVE_UNISTD_H 1
| #define STDC_HEADERS 1
| #define HAVE_DLFCN_H 1
| /* end confdefs.h.  */
| #include <ac_nonexistent.h>
configure:6311: checking for g77
configure:6341: result: no
configure:6311: checking for xlf
configure:6341: result: no
configure:6311: checking for f77
configure:6341: result: no
configure:6311: checking for frt
configure:6341: result: no
configure:6311: checking for pgf77
configure:6341: result: no
configure:6311: checking for cf77
configure:6341: result: no
configure:6311: checking for fort77
configure:6341: result: no
configure:6311: checking for fl32
configure:6341: result: no
configure:6311: checking for af77
configure:6341: result: no
configure:6311: checking for xlf90
configure:6341: result: no
configure:6311: checking for f90
configure:6341: result: no
configure:6311: checking for pgf90
configure:6341: result: no
configure:6311: checking for pghpf
configure:6341: result: no
configure:6311: checking for epcf90
configure:6341: result: no
configure:6311: checking for gfortran
configure:6327: found /usr/bin/gfortran
configure:6338: result: gfortran
configure:6368: checking for Fortran 77 compiler version
configure:6375: gfortran --version >&5
GNU Fortran 95 (GCC) 4.1.2 (Gentoo 4.1.2)
Copyright (C) 2006 Free Software Foundation, Inc.

GNU Fortran comes with NO WARRANTY, to the extent permitted by law.
You may redistribute copies of GNU Fortran
under the terms of the GNU General Public License.
For more information about these matters, see the file named COPYING

configure:6378: $? = 0
configure:6385: gfortran -v >&5
Using built-in specs.
Target: x86_64-pc-linux-gnu
Configured with: /var/tmp/paludis/sys-devel/gcc-4.1.2/work/gcc-4.1.2/configure --prefix=/usr --bindir=/usr/x86_64-pc-linux-gnu/gcc-bin/4.1.2 --includedir=/usr/lib/gcc/x86_64-pc-linux-gnu/4.1.2/include --datadir=/usr/share/gcc-data/x86_64-pc-linux-gnu/4.1.2 --mandir=/usr/share/gcc-data/x86_64-pc-linux-gnu/4.1.2/man --infodir=/usr/share/gcc-data/x86_64-pc-linux-gnu/4.1.2/info --with-gxx-include-dir=/usr/lib/gcc/x86_64-pc-linux-gnu/4.1.2/include/g++-v4 --host=x86_64-pc-linux-gnu --build=x86_64-pc-linux-gnu --disable-altivec --enable-nls --without-included-gettext --with-system-zlib --disable-checking --disable-werror --enable-secureplt --disable-libunwind-exceptions --enable-multilib --disable-libmudflap --disable-libssp --disable-libgcj --enable-languages=c,c++,fortran --enable-shared --enable-threads=posix --enable-__cxa_atexit --enable-clocale=gnu
Thread model: posix
gcc version 4.1.2 (Gentoo 4.1.2)
configure:6388: $? = 0
configure:6395: gfortran -V >&5
gfortran: '-V' option must have argument
configure:6398: $? = 1
configure:6406: checking whether we are using the GNU Fortran 77 compiler
configure:6425: gfortran -c  conftest.F >&5
configure:6431: $? = 0
configure:6448: result: yes
configure:6454: checking whether gfortran accepts -g
configure:6471: gfortran -c -g conftest.f >&5
configure:6477: $? = 0
configure:6493: result: yes
configure:6523: checking the maximum length of command line arguments
configure:6632: result: 32768
configure:6644: checking command to parse /usr/bin/nm -B output from gcc object
configure:6749: gcc -c -g -O2  conftest.c >&5
configure:6752: $? = 0
configure:6756: /usr/bin/nm -B conftest.o \| sed -n -e 's/^.*[ 	]\([ABCDGIRSTW][ABCDGIRSTW]*\)[ 	][ 	]*\([_A-Za-z][_A-Za-z0-9]*\)$/\1 \2 \2/p' \> conftest.nm
configure:6759: $? = 0
configure:6811: gcc -o conftest -g -O2   conftest.c conftstm.o >&5
configure:6814: $? = 0
configure:6852: result: ok
configure:6856: checking for objdir
configure:6871: result: .libs
configure:6963: checking for ar
configure:6979: found /usr/bin/ar
configure:6990: result: ar
configure:7059: checking for ranlib
configure:7075: found /usr/bin/ranlib
configure:7086: result: ranlib
configure:7155: checking for strip
configure:7171: found /usr/bin/strip
configure:7182: result: strip
configure:7419: checking for correct ltmain.sh version
configure:7469: result: yes
configure:7529: checking if gcc supports -fno-rtti -fno-exceptions
configure:7547: gcc -c -g -O2  -fno-rtti -fno-exceptions conftest.c >&5
cc1: warning: command line option "-fno-rtti" is valid for C++/ObjC++ but not for C
configure:7551: $? = 0
configure:7564: result: no
configure:7579: checking for gcc option to produce PIC
configure:7811: result: -fPIC
configure:7819: checking if gcc PIC flag -fPIC works
configure:7837: gcc -c -g -O2  -fPIC -DPIC conftest.c >&5
configure:7841: $? = 0
configure:7854: result: yes
configure:7882: checking if gcc static flag -static works
configure:7910: result: yes
configure:7920: checking if gcc supports -c -o file.o
configure:7941: gcc -c -g -O2  -o out/conftest2.o conftest.c >&5
configure:7945: $? = 0
configure:7967: result: yes
configure:7993: checking whether the gcc linker (/usr/x86_64-pc-linux-gnu/bin/ld -m elf_x86_64) supports shared libraries
configure:8969: result: yes
configure:8990: checking whether -lc should be explicitly linked in
configure:8995: gcc -c -g -O2  conftest.c >&5
configure:8998: $? = 0
configure:9013: gcc -shared conftest.o  -v -Wl,-soname -Wl,conftest -o conftest 2\>\&1 \| grep  -lc  \>/dev/null 2\>\&1
configure:9016: $? = 0
configure:9028: result: no
configure:9036: checking dynamic linker characteristics
configure:9651: result: GNU/Linux ld.so
configure:9660: checking how to hardcode library paths into programs
configure:9685: result: immediate
configure:9699: checking whether stripping libraries is possible
configure:9704: result: yes
configure:10506: checking if libtool supports shared libraries
configure:10508: result: yes
configure:10511: checking whether to build shared libraries
configure:10532: result: yes
configure:10535: checking whether to build static libraries
configure:10539: result: no
configure:10631: creating libtool
configure:11219: checking for ld used by g++
configure:11286: result: /usr/x86_64-pc-linux-gnu/bin/ld -m elf_x86_64
configure:11295: checking if the linker (/usr/x86_64-pc-linux-gnu/bin/ld -m elf_x86_64) is GNU ld
configure:11310: result: yes
configure:11361: checking whether the g++ linker (/usr/x86_64-pc-linux-gnu/bin/ld -m elf_x86_64) supports shared libraries
configure:12331: result: yes
configure:12349: g++ -c -g -O2  conftest.cpp >&5
configure:12352: $? = 0
configure:12504: checking for g++ option to produce PIC
configure:12788: result: -fPIC
configure:12796: checking if g++ PIC flag -fPIC works
configure:12814: g++ -c -g -O2  -fPIC -DPIC conftest.cpp >&5
configure:12818: $? = 0
configure:12831: result: yes
configure:12859: checking if g++ static flag -static works
configure:12887: result: yes
configure:12897: checking if g++ supports -c -o file.o
configure:12918: g++ -c -g -O2  -o out/conftest2.o conftest.cpp >&5
configure:12922: $? = 0
configure:12944: result: yes
configure:12970: checking whether the g++ linker (/usr/x86_64-pc-linux-gnu/bin/ld -m elf_x86_64) supports shared libraries
configure:12995: result: yes
configure:13062: checking dynamic linker characteristics
configure:13625: result: GNU/Linux ld.so
configure:13634: checking how to hardcode library paths into programs
configure:13659: result: immediate
configure:14192: checking if libtool supports shared libraries
configure:14194: result: yes
configure:14197: checking whether to build shared libraries
configure:14217: result: yes
configure:14220: checking whether to build static libraries
configure:14224: result: no
configure:14234: checking for gfortran option to produce PIC
configure:14466: result: -fPIC
configure:14474: checking if gfortran PIC flag -fPIC works
configure:14492: gfortran -c -g -O2 -fPIC conftest.f >&5
configure:14496: $? = 0
configure:14509: result: yes
configure:14537: checking if gfortran static flag -static works
configure:14565: result: yes
configure:14575: checking if gfortran supports -c -o file.o
configure:14596: gfortran -c -g -O2 -o out/conftest2.o conftest.f >&5
configure:14600: $? = 0
configure:14622: result: yes
configure:14648: checking whether the gfortran linker (/usr/x86_64-pc-linux-gnu/bin/ld -m elf_x86_64) supports shared libraries
configure:15604: result: yes
configure:15671: checking dynamic linker characteristics
configure:16234: result: GNU/Linux ld.so
configure:16243: checking how to hardcode library paths into programs
configure:16268: result: immediate
configure:19858: checking for a BSD-compatible install
configure:19914: result: /usr/bin/install -c
configure:19925: checking whether make sets $(MAKE)
configure:19946: result: yes
configure:19980: checking for pkg-config
configure:19998: found /usr/bin/pkg-config
configure:20011: result: /usr/bin/pkg-config
configure:20033: checking for GTK+ - version >= 2.4.0
configure:20153: gcc -o conftest  -D_REENTRANT -DPNG_NO_MMX_CODE -I/usr/include/gtk-2.0 -I/usr/lib64/gtk-2.0/include -I/usr/include/atk-1.0 -I/usr/include/cairo -I/usr/include/pango-1.0 -I/usr/include/glib-2.0 -I/usr/lib64/glib-2.0/include -I/usr/include/freetype2 -I/usr/include/directfb -I/usr/include/libpng12     conftest.c -lgtk-x11-2.0 -lgdk-x11-2.0 -latk-1.0 -lgdk_pixbuf-2.0 -lm -lpangocairo-1.0 -lpango-1.0 -lcairo -lgobject-2.0 -lgmodule-2.0 -ldl -lglib-2.0    >&5
configure:20156: $? = 0
configure:20162: ./conftest
configure:20165: $? = 0
configure:20185: result: yes (version 2.10.13)
configure:20295: checking limits.h usability
configure:20312: gcc -c   conftest.c >&5
configure:20318: $? = 0
configure:20332: result: yes
configure:20336: checking limits.h presence
configure:20351: gcc -E  conftest.c
configure:20357: $? = 0
configure:20371: result: yes
configure:20399: checking for limits.h
configure:20407: result: yes
configure:20285: checking for unistd.h
configure:20291: result: yes
configure:20295: checking netdb.h usability
configure:20312: gcc -c   conftest.c >&5
configure:20318: $? = 0
configure:20332: result: yes
configure:20336: checking netdb.h presence
configure:20351: gcc -E  conftest.c
configure:20357: $? = 0
configure:20371: result: yes
configure:20399: checking for netdb.h
configure:20407: result: yes
configure:20285: checking for sys/types.h
configure:20291: result: yes
configure:20295: checking netinet/in.h usability
configure:20312: gcc -c   conftest.c >&5
configure:20318: $? = 0
configure:20332: result: yes
configure:20336: checking netinet/in.h presence
configure:20351: gcc -E  conftest.c
configure:20357: $? = 0
configure:20371: result: yes
configure:20399: checking for netinet/in.h
configure:20407: result: yes
configure:20295: checking sys/socket.h usability
configure:20312: gcc -c   conftest.c >&5
configure:20318: $? = 0
configure:20332: result: yes
configure:20336: checking sys/socket.h presence
configure:20351: gcc -E  conftest.c
configure:20357: $? = 0
configure:20371: result: yes
configure:20399: checking for sys/socket.h
configure:20407: result: yes
configure:20285: checking for sys/stat.h
configure:20291: result: yes
configure:20295: checking sys/select.h usability
configure:20312: gcc -c   conftest.c >&5
configure:20318: $? = 0
configure:20332: result: yes
configure:20336: checking sys/select.h presence
configure:20351: gcc -E  conftest.c
configure:20357: $? = 0
configure:20371: result: yes
configure:20399: checking for sys/select.h
configure:20407: result: yes
configure:20295: checking glib.h usability
configure:20312: gcc -c   conftest.c >&5
conftest.c:63:18: error: glib.h: No such file or directory
configure:20318: $? = 1
configure: failed program was:
| /* confdefs.h.  */
| #define PACKAGE_NAME ""
| #define PACKAGE_TARNAME ""
| #define PACKAGE_VERSION ""
| #define PACKAGE_STRING ""
| #define PACKAGE_BUGREPORT ""
| #define PACKAGE "mtc_dummyplug"
| #define VERSION "1.3.7"
| #define STDC_HEADERS 1
| #define HAVE_SYS_TYPES_H 1
| #define HAVE_SYS_STAT_H 1
| #define HAVE_STDLIB_H 1
| #define HAVE_STRING_H 1
| #define HAVE_MEMORY_H 1
| #define HAVE_STRINGS_H 1
| #define HAVE_INTTYPES_H 1
| #define HAVE_STDINT_H 1
| #define HAVE_UNISTD_H 1
| #define STDC_HEADERS 1
| #define HAVE_DLFCN_H 1
| #define HAVE_LIMITS_H 1
| #define HAVE_UNISTD_H 1
| #define HAVE_NETDB_H 1
| #define HAVE_SYS_TYPES_H 1
| #define HAVE_NETINET_IN_H 1
| #define HAVE_SYS_SOCKET_H 1
| #define HAVE_SYS_STAT_H 1
| #define HAVE_SYS_SELECT_H 1
| /* end confdefs.h.  */
| #include <stdio.h>
| #ifdef HAVE_SYS_TYPES_H
| # include <sys/types.h>
| #endif
| #ifdef HAVE_SYS_STAT_H
| # include <sys/stat.h>
| #endif
| #ifdef STDC_HEADERS
| # include <stdlib.h>
| # include <stddef.h>
| #else
| # ifdef HAVE_STDLIB_H
| #  include <stdlib.h>
| # endif
| #endif
| #ifdef HAVE_STRING_H
| # if !defined STDC_HEADERS && defined HAVE_MEMORY_H
| #  include <memory.h>
| # endif
| # include <string.h>
| #endif
| #ifdef HAVE_STRINGS_H
| # include <strings.h>
| #endif
| #ifdef HAVE_INTTYPES_H
| # include <inttypes.h>
| #endif
| #ifdef HAVE_STDINT_H
| # include <stdint.h>
| #endif
| #ifdef HAVE_UNISTD_H
| # include <unistd.h>
| #endif
| #include <glib.h>
configure:20332: result: no
configure:20336: checking glib.h presence
configure:20351: gcc -E  conftest.c
conftest.c:30:18: error: glib.h: No such file or directory
configure:20357: $? = 1
configure: failed program was:
| /* confdefs.h.  */
| #define PACKAGE_NAME ""
| #define PACKAGE_TARNAME ""
| #define PACKAGE_VERSION ""
| #define PACKAGE_STRING ""
| #define PACKAGE_BUGREPORT ""
| #define PACKAGE "mtc_dummyplug"
| #define VERSION "1.3.7"
| #define STDC_HEADERS 1
| #define HAVE_SYS_TYPES_H 1
| #define HAVE_SYS_STAT_H 1
| #define HAVE_STDLIB_H 1
| #define HAVE_STRING_H 1
| #define HAVE_MEMORY_H 1
| #define HAVE_STRINGS_H 1
| #define HAVE_INTTYPES_H 1
| #define HAVE_STDINT_H 1
| #define HAVE_UNISTD_H 1
| #define STDC_HEADERS 1
| #define HAVE_DLFCN_H 1
| #define HAVE_LIMITS_H 1
| #define HAVE_UNISTD_H 1
| #define HAVE_NETDB_H 1
| #define HAVE_SYS_TYPES_H 1
| #define HAVE_NETINET_IN_H 1
| #define HAVE_SYS_SOCKET_H 1
| #define HAVE_SYS_STAT_H 1
| #define HAVE_SYS_SELECT_H 1
| /* end confdefs.h.  */
| #include <glib.h>
configure:20371: result: no
configure:20399: checking for glib.h
configure:20407: result: no
configure:20421: checking for an ANSI C-conforming const
configure:20496: gcc -c   conftest.c >&5
configure:20502: $? = 0
configure:20517: result: yes
configure:20527: checking for pid_t
configure:20557: gcc -c   conftest.c >&5
configure:20563: $? = 0
configure:20578: result: yes
configure:20595: checking for vprintf
configure:20651: gcc -o conftest    conftest.c  >&5
conftest.c:53: warning: conflicting types for built-in function 'vprintf'
configure:20657: $? = 0
configure:20675: result: yes
configure:20682: checking for _doprnt
configure:20738: gcc -o conftest    conftest.c  >&5
/tmp/ccOOhQqn.o: In function `main':
conftest.c:(.text+0xa): undefined reference to `_doprnt'
collect2: ld returned 1 exit status
configure:20744: $? = 1
configure: failed program was:
| /* confdefs.h.  */
| #define PACKAGE_NAME ""
| #define PACKAGE_TARNAME ""
| #define PACKAGE_VERSION ""
| #define PACKAGE_STRING ""
| #define PACKAGE_BUGREPORT ""
| #define PACKAGE "mtc_dummyplug"
| #define VERSION "1.3.7"
| #define STDC_HEADERS 1
| #define HAVE_SYS_TYPES_H 1
| #define HAVE_SYS_STAT_H 1
| #define HAVE_STDLIB_H 1
| #define HAVE_STRING_H 1
| #define HAVE_MEMORY_H 1
| #define HAVE_STRINGS_H 1
| #define HAVE_INTTYPES_H 1
| #define HAVE_STDINT_H 1
| #define HAVE_UNISTD_H 1
| #define STDC_HEADERS 1
| #define HAVE_DLFCN_H 1
| #define HAVE_LIMITS_H 1
| #define HAVE_UNISTD_H 1
| #define HAVE_NETDB_H 1
| #define HAVE_SYS_TYPES_H 1
| #define HAVE_NETINET_IN_H 1
| #define HAVE_SYS_SOCKET_H 1
| #define HAVE_SYS_STAT_H 1
| #define HAVE_SYS_SELECT_H 1
| #define HAVE_VPRINTF 1
| /* end confdefs.h.  */
| /* Define _doprnt to an innocuous variant, in case <limits.h> declares _doprnt.
|    For example, HP-UX 11i <limits.h> declares gettimeofday.  */
| #define _doprnt innocuous__doprnt
| 
| /* System header to define __stub macros and hopefully few prototypes,
|     which can conflict with char _doprnt (); below.
|     Prefer <limits.h> to <assert.h> if __STDC__ is defined, since
|     <limits.h> exists even on freestanding compilers.  */
| 
| #ifdef __STDC__
| # include <limits.h>
| #else
| # include <assert.h>
| #endif
| 
| #undef _doprnt
| 
| /* Override any GCC internal prototype to avoid an error.
|    Use char because int might match the return type of a GCC
|    builtin and then its argument prototype would still apply.  */
| #ifdef __cplusplus
| extern "C"
| #endif
| char _doprnt ();
| /* The GNU C library defines this for functions which it implements
|     to always fail with ENOSYS.  Some functions are actually named
|     something starting with __ and the normal name is an alias.  */
| #if defined __stub__doprnt || defined __stub____doprnt
| choke me
| #endif
| 
| int
| main ()
| {
| return _doprnt ();
|   ;
|   return 0;
| }
configure:20761: result: no
configure:20795: checking for fork
configure:20851: gcc -o conftest    conftest.c  >&5
conftest.c:54: warning: conflicting types for built-in function 'fork'
configure:20857: $? = 0
configure:20875: result: yes
configure:20795: checking for execlp
configure:20851: gcc -o conftest    conftest.c  >&5
conftest.c:55: warning: conflicting types for built-in function 'execlp'
configure:20857: $? = 0
configure:20875: result: yes
configure:20795: checking for access
configure:20851: gcc -o conftest    conftest.c  >&5
configure:20857: $? = 0
configure:20875: result: yes
configure:20795: checking for rename
configure:20851: gcc -o conftest    conftest.c  >&5
configure:20857: $? = 0
configure:20875: result: yes
configure:20795: checking for remove
configure:20851: gcc -o conftest    conftest.c  >&5
configure:20857: $? = 0
configure:20875: result: yes
configure:20795: checking for mkdir
configure:20851: gcc -o conftest    conftest.c  >&5
configure:20857: $? = 0
configure:20875: result: yes
configure:20795: checking for socket
configure:20851: gcc -o conftest    conftest.c  >&5
configure:20857: $? = 0
configure:20875: result: yes
configure:20795: checking for gethostbyname
configure:20851: gcc -o conftest    conftest.c  >&5
configure:20857: $? = 0
configure:20875: result: yes
configure:20795: checking for connect
configure:20851: gcc -o conftest    conftest.c  >&5
configure:20857: $? = 0
configure:20875: result: yes
configure:20795: checking for send
configure:20851: gcc -o conftest    conftest.c  >&5
configure:20857: $? = 0
configure:20875: result: yes
configure:20795: checking for recv
configure:20851: gcc -o conftest    conftest.c  >&5
configure:20857: $? = 0
configure:20875: result: yes
configure:20795: checking for memset
configure:20851: gcc -o conftest    conftest.c  >&5
conftest.c:65: warning: conflicting types for built-in function 'memset'
configure:20857: $? = 0
configure:20875: result: yes
configure:20795: checking for fopen
configure:20851: gcc -o conftest    conftest.c  >&5
configure:20857: $? = 0
configure:20875: result: yes
configure:20795: checking for time
configure:20851: gcc -o conftest    conftest.c  >&5
configure:20857: $? = 0
configure:20875: result: yes
configure:20795: checking for strstr
configure:20851: gcc -o conftest    conftest.c  >&5
conftest.c:68: warning: conflicting types for built-in function 'strstr'
configure:20857: $? = 0
configure:20875: result: yes
configure:20795: checking for select
configure:20851: gcc -o conftest    conftest.c  >&5
configure:20857: $? = 0
configure:20875: result: yes
configure:20795: checking for kill
configure:20851: gcc -o conftest    conftest.c  >&5
configure:20857: $? = 0
configure:20875: result: yes
configure:21041: creating ./config.status

## ---------------------- ##
## Running config.status. ##
## ---------------------- ##

This file was extended by config.status, which was
generated by GNU Autoconf 2.61.  Invocation command line was

  CONFIG_FILES    = 
  CONFIG_HEADERS  = 
  CONFIG_LINKS    = 
  CONFIG_COMMANDS = 
  $ ./config.status 

on slurm

config.status:648: creating Makefile
config.status:839: executing depfiles commands

## ---------------- ##
## Cache variables. ##
## ---------------- ##

ac_cv_build=x86_64-unknown-linux-gnu
ac_cv_c_compiler_gnu=yes
ac_cv_c_const=yes
ac_cv_cxx_compiler_gnu=yes
ac_cv_env_CCC_set=
ac_cv_env_CCC_value=
ac_cv_env_CC_set=
ac_cv_env_CC_value=
ac_cv_env_CFLAGS_set=
ac_cv_env_CFLAGS_value=
ac_cv_env_CPPFLAGS_set=
ac_cv_env_CPPFLAGS_value=
ac_cv_env_CPP_set=
ac_cv_env_CPP_value=
ac_cv_env_CXXCPP_set=
ac_cv_env_CXXCPP_value=
ac_cv_env_CXXFLAGS_set=
ac_cv_env_CXXFLAGS_value=
ac_cv_env_CXX_set=
ac_cv_env_CXX_value=
ac_cv_env_F77_set=
ac_cv_env_F77_value=
ac_cv_env_FFLAGS_set=
ac_cv_env_FFLAGS_value=
ac_cv_env_LDFLAGS_set=
ac_cv_env_LDFLAGS_value=
ac_cv_env_LIBS_set=
ac_cv_env_LIBS_value=
ac_cv_env_build_alias_set=
ac_cv_env_build_alias_value=
ac_cv_env_host_alias_set=
ac_cv_env_host_alias_value=
ac_cv_env_target_alias_set=
ac_cv_env_target_alias_value=
ac_cv_f77_compiler_gnu=yes
ac_cv_func__doprnt=no
ac_cv_func_access=yes
ac_cv_func_connect=yes
ac_cv_func_execlp=yes
ac_cv_func_fopen=yes
ac_cv_func_fork=yes
ac_cv_func_gethostbyname=yes
ac_cv_func_kill=yes
ac_cv_func_memset=yes
ac_cv_func_mkdir=yes
ac_cv_func_recv=yes
ac_cv_func_remove=yes
ac_cv_func_rename=yes
ac_cv_func_select=yes
ac_cv_func_send=yes
ac_cv_func_socket=yes
ac_cv_func_strstr=yes
ac_cv_func_time=yes
ac_cv_func_vprintf=yes
ac_cv_header_dlfcn_h=yes
ac_cv_header_glib_h=no
ac_cv_header_inttypes_h=yes
ac_cv_header_limits_h=yes
ac_cv_header_memory_h=yes
ac_cv_header_minix_config_h=no
ac_cv_header_netdb_h=yes
ac_cv_header_netinet_in_h=yes
ac_cv_header_stdc=yes
ac_cv_header_stdint_h=yes
ac_cv_header_stdlib_h=yes
ac_cv_header_string_h=yes
ac_cv_header_strings_h=yes
ac_cv_header_sys_select_h=yes
ac_cv_header_sys_socket_h=yes
ac_cv_header_sys_stat_h=yes
ac_cv_header_sys_types_h=yes
ac_cv_header_unistd_h=yes
ac_cv_host=x86_64-unknown-linux-gnu
ac_cv_objext=o
ac_cv_path_EGREP='/bin/grep -E'
ac_cv_path_GREP=/bin/grep
ac_cv_path_PKG_CONFIG=/usr/bin/pkg-config
ac_cv_path_install='/usr/bin/install -c'
ac_cv_path_mkdir=/bin/mkdir
ac_cv_prog_AWK=gawk
ac_cv_prog_CPP='gcc -E'
ac_cv_prog_CXXCPP='g++ -E'
ac_cv_prog_ac_ct_AR=ar
ac_cv_prog_ac_ct_CC=gcc
ac_cv_prog_ac_ct_CXX=g++
ac_cv_prog_ac_ct_F77=gfortran
ac_cv_prog_ac_ct_RANLIB=ranlib
ac_cv_prog_ac_ct_STRIP=strip
ac_cv_prog_cc_c89=
ac_cv_prog_cc_g=yes
ac_cv_prog_cxx_g=yes
ac_cv_prog_f77_g=yes
ac_cv_prog_make_make_set=yes
ac_cv_search_strerror='none required'
ac_cv_type_pid_t=yes
am_cv_CC_dependencies_compiler_type=gcc3
am_cv_CXX_dependencies_compiler_type=gcc3
lt_cv_deplibs_check_method=pass_all
lt_cv_file_magic_cmd='$MAGIC_CMD'
lt_cv_file_magic_test_file=
lt_cv_ld_reload_flag=-r
lt_cv_objdir=.libs
lt_cv_path_LD=/usr/x86_64-pc-linux-gnu/bin/ld
lt_cv_path_LDCXX='/usr/x86_64-pc-linux-gnu/bin/ld -m elf_x86_64'
lt_cv_path_NM='/usr/bin/nm -B'
lt_cv_path_SED=/bin/sed
lt_cv_prog_compiler_c_o=yes
lt_cv_prog_compiler_c_o_CXX=yes
lt_cv_prog_compiler_c_o_F77=yes
lt_cv_prog_compiler_rtti_exceptions=no
lt_cv_prog_gnu_ld=yes
lt_cv_prog_gnu_ldcxx=yes
lt_cv_sys_global_symbol_pipe='sed -n -e '\''s/^.*[ 	]\([ABCDGIRSTW][ABCDGIRSTW]*\)[ 	][ 	]*\([_A-Za-z][_A-Za-z0-9]*\)$/\1 \2 \2/p'\'''
lt_cv_sys_global_symbol_to_c_name_address='sed -n -e '\''s/^: \([^ ]*\) $/  {\"\1\", (lt_ptr) 0},/p'\'' -e '\''s/^[BCDEGRST] \([^ ]*\) \([^ ]*\)$/  {"\2", (lt_ptr) \&\2},/p'\'''
lt_cv_sys_global_symbol_to_cdecl='sed -n -e '\''s/^. .* \(.*\)$/extern int \1;/p'\'''
lt_cv_sys_max_cmd_len=32768
lt_lt_cv_prog_compiler_c_o='"yes"'
lt_lt_cv_prog_compiler_c_o_CXX='"yes"'
lt_lt_cv_prog_compiler_c_o_F77='"yes"'
lt_lt_cv_sys_global_symbol_pipe='"sed -n -e '\''s/^.*[ 	]\\([ABCDGIRSTW][ABCDGIRSTW]*\\)[ 	][ 	]*\\([_A-Za-z][_A-Za-z0-9]*\\)\$/\\1 \\2 \\2/p'\''"'
lt_lt_cv_sys_global_symbol_to_c_name_address='"sed -n -e '\''s/^: \\([^ ]*\\) \$/  {\\\"\\1\\\", (lt_ptr) 0},/p'\'' -e '\''s/^[BCDEGRST] \\([^ ]*\\) \\([^ ]*\\)\$/  {\"\\2\", (lt_ptr) \\&\\2},/p'\''"'
lt_lt_cv_sys_global_symbol_to_cdecl='"sed -n -e '\''s/^. .* \\(.*\\)\$/extern int \\1;/p'\''"'

## ----------------- ##
## Output variables. ##
## ----------------- ##

ACLOCAL='${SHELL} /home/dale/code/mailtc/example/missing --run aclocal-1.10'
AMDEPBACKSLASH='\'
AMDEP_FALSE='#'
AMDEP_TRUE=''
AMTAR='${SHELL} /home/dale/code/mailtc/example/missing --run tar'
AR='ar'
AUTOCONF='${SHELL} /home/dale/code/mailtc/example/missing --run autoconf'
AUTOHEADER='${SHELL} /home/dale/code/mailtc/example/missing --run autoheader'
AUTOMAKE='${SHELL} /home/dale/code/mailtc/example/missing --run automake-1.10'
AWK='gawk'
CC='gcc'
CCDEPMODE='depmode=gcc3'
CFLAGS=''
CPP='gcc -E'
CPPFLAGS=''
CXX='g++'
CXXCPP='g++ -E'
CXXDEPMODE='depmode=gcc3'
CXXFLAGS='-g -O2'
CYGPATH_W='echo'
DEFS='-DPACKAGE_NAME=\"\" -DPACKAGE_TARNAME=\"\" -DPACKAGE_VERSION=\"\" -DPACKAGE_STRING=\"\" -DPACKAGE_BUGREPORT=\"\" -DPACKAGE=\"mtc_dummyplug\" -DVERSION=\"1.3.7\" -DSTDC_HEADERS=1 -DHAVE_SYS_TYPES_H=1 -DHAVE_SYS_STAT_H=1 -DHAVE_STDLIB_H=1 -DHAVE_STRING_H=1 -DHAVE_MEMORY_H=1 -DHAVE_STRINGS_H=1 -DHAVE_INTTYPES_H=1 -DHAVE_STDINT_H=1 -DHAVE_UNISTD_H=1 -DSTDC_HEADERS=1 -DHAVE_DLFCN_H=1 -DHAVE_LIMITS_H=1 -DHAVE_UNISTD_H=1 -DHAVE_NETDB_H=1 -DHAVE_SYS_TYPES_H=1 -DHAVE_NETINET_IN_H=1 -DHAVE_SYS_SOCKET_H=1 -DHAVE_SYS_STAT_H=1 -DHAVE_SYS_SELECT_H=1 -DHAVE_VPRINTF=1 -DHAVE_FORK=1 -DHAVE_EXECLP=1 -DHAVE_ACCESS=1 -DHAVE_RENAME=1 -DHAVE_REMOVE=1 -DHAVE_MKDIR=1 -DHAVE_SOCKET=1 -DHAVE_GETHOSTBYNAME=1 -DHAVE_CONNECT=1 -DHAVE_SEND=1 -DHAVE_RECV=1 -DHAVE_MEMSET=1 -DHAVE_FOPEN=1 -DHAVE_TIME=1 -DHAVE_STRSTR=1 -DHAVE_SELECT=1 -DHAVE_KILL=1'
DEPDIR='.deps'
ECHO='echo'
ECHO_C=''
ECHO_N='-n'
ECHO_T=''
EGREP='/bin/grep -E'
EXEEXT=''
F77='gfortran'
FFLAGS='-g -O2'
GREP='/bin/grep'
GTK_CFLAGS='-D_REENTRANT -DPNG_NO_MMX_CODE -I/usr/include/gtk-2.0 -I/usr/lib64/gtk-2.0/include -I/usr/include/atk-1.0 -I/usr/include/cairo -I/usr/include/pango-1.0 -I/usr/include/glib-2.0 -I/usr/lib64/glib-2.0/include -I/usr/include/freetype2 -I/usr/include/directfb -I/usr/include/libpng12  '
GTK_LIBS='-lgtk-x11-2.0 -lgdk-x11-2.0 -latk-1.0 -lgdk_pixbuf-2.0 -lm -lpangocairo-1.0 -lpango-1.0 -lcairo -lgobject-2.0 -lgmodule-2.0 -ldl -lglib-2.0  '
INSTALL_DATA='${INSTALL} -m 644'
INSTALL_PROGRAM='${INSTALL}'
INSTALL_SCRIPT='${INSTALL}'
INSTALL_STRIP_PROGRAM='$(install_sh) -c -s'
LDFLAGS=''
LIBOBJS=''
LIBS=''
LIBTOOL='$(SHELL) $(top_builddir)/libtool --silent'
LN_S='ln -s'
LTLIBOBJS=''
MAKEINFO='${SHELL} /home/dale/code/mailtc/example/missing --run makeinfo'
OBJEXT='o'
PACKAGE='mtc_dummyplug'
PACKAGE_BUGREPORT=''
PACKAGE_NAME=''
PACKAGE_STRING=''
PACKAGE_TARNAME=''
PACKAGE_VERSION=''
PATH_SEPARATOR=':'
PKG_CONFIG='/usr/bin/pkg-config'
RANLIB='ranlib'
SED='/bin/sed'
SET_MAKE=''
SHELL='/bin/sh'
STRIP='strip'
VERSION='1.3.7'
ac_ct_CC='gcc'
ac_ct_CXX='g++'
ac_ct_F77='gfortran'
am__fastdepCC_FALSE='#'
am__fastdepCC_TRUE=''
am__fastdepCXX_FALSE='#'
am__fastdepCXX_TRUE=''
am__include='include'
am__isrc=''
am__leading_dot='.'
am__quote=''
am__tar='${AMTAR} chof - "$$tardir"'
am__untar='${AMTAR} xf -'
bindir='${exec_prefix}/bin'
build='x86_64-unknown-linux-gnu'
build_alias=''
build_cpu='x86_64'
build_os='linux-gnu'
build_vendor='unknown'
datadir='${datarootdir}'
datarootdir='${prefix}/share'
docdir='${datarootdir}/doc/${PACKAGE}'
dvidir='${docdir}'
exec_prefix='${prefix}'
host='x86_64-unknown-linux-gnu'
host_alias=''
host_cpu='x86_64'
host_os='linux-gnu'
host_vendor='unknown'
htmldir='${docdir}'
includedir='${prefix}/include'
infodir='${datarootdir}/info'
install_sh='$(SHELL) /home/dale/code/mailtc/example/install-sh'
libdir='${exec_prefix}/lib'
libexecdir='${exec_prefix}/libexec'
localedir='${datarootdir}/locale'
localstatedir='${prefix}/var'
mandir='${datarootdir}/man'
mkdir_p='/bin/mkdir -p'
oldincludedir='/usr/include'
pdfdir='${docdir}'
prefix='/usr/local'
program_transform_name='s,x,x,'
psdir='${docdir}'
sbindir='${exec_prefix}/sbin'
sharedstatedir='${prefix}/com'
sysconfdir='${prefix}/etc'
target_alias=''

## ----------- ##
## confdefs.h. ##
## ----------- ##

#define PACKAGE_NAME ""
#define PACKAGE_TARNAME ""
#define PACKAGE_VERSION ""
#define PACKAGE_STRING ""
#define PACKAGE_BUGREPORT ""
#define PACKAGE "mtc_dummyplug"
#define VERSION "1.3.7"
#define STDC_HEADERS 1
#define HAVE_SYS_TYPES_H 1
#define HAVE_SYS_STAT_H 1
#define HAVE_STDLIB_H 1
#define HAVE_STRING_H 1
#define HAVE_MEMORY_H 1
#define HAVE_STRINGS_H 1
#define HAVE_INTTYPES_H 1
#define HAVE_STDINT_H 1
#define HAVE_UNISTD_H 1
#define STDC_HEADERS 1
#define HAVE_DLFCN_H 1
#define HAVE_LIMITS_H 1
#define HAVE_UNISTD_H 1
#define HAVE_NETDB_H 1
#define HAVE_SYS_TYPES_H 1
#define HAVE_NETINET_IN_H 1
#define HAVE_SYS_SOCKET_H 1
#define HAVE_SYS_STAT_H 1
#define HAVE_SYS_SELECT_H 1
#define HAVE_VPRINTF 1
#define HAVE_FORK 1
#define HAVE_EXECLP 1
#define HAVE_ACCESS 1
#define HAVE_RENAME 1
#define HAVE_REMOVE 1
#define HAVE_MKDIR 1
#define HAVE_SOCKET 1
#define HAVE_GETHOSTBYNAME 1
#define HAVE_CONNECT 1
#define HAVE_SEND 1
#define HAVE_RECV 1
#define HAVE_MEMSET 1
#define HAVE_FOPEN 1
#define HAVE_TIME 1
#define HAVE_STRSTR 1
#define HAVE_SELECT 1
#define HAVE_KILL 1

configure: exit 0
