This file contains any messages produced by compilers while
running configure, to aid debugging if configure makes a mistake.

It was created by configure, which was
generated by GNU Autoconf 2.59.  Invocation command line was

  $ ./configure 

## --------- ##
## Platform. ##
## --------- ##

hostname = marmite
uname -m = i686
uname -r = 2.6.16-ck10
uname -s = Linux
uname -v = #1 PREEMPT Mon May 15 20:12:25 BST 2006

/usr/bin/uname -p = Mobile Intel(R) Pentium(R) 4 - M CPU 1.70GHz
/bin/uname -X     = unknown

/bin/arch              = i686
/usr/bin/arch -k       = unknown
/usr/convex/getsysinfo = unknown
hostinfo               = unknown
/bin/machine           = unknown
/usr/bin/oslevel       = unknown
/bin/universe          = unknown

PATH: /usr/local/bin
PATH: /usr/bin
PATH: /bin
PATH: /opt/bin
PATH: /usr/i686-pc-linux-gnu/gcc-bin/3.4.6
PATH: /opt/blackdown-jdk-1.4.2.03/bin
PATH: /opt/blackdown-jdk-1.4.2.03/jre/bin
PATH: /usr/games/bin


## ----------- ##
## Core tests. ##
## ----------- ##

configure:1544: checking for a BSD-compatible install
configure:1599: result: /usr/bin/install -c
configure:1610: checking whether build environment is sane
configure:1653: result: yes
configure:1718: checking for gawk
configure:1734: found /usr/bin/gawk
configure:1744: result: gawk
configure:1754: checking whether make sets $(MAKE)
configure:1774: result: yes
configure:1995: checking for gcc
configure:2011: found /usr/bin/gcc
configure:2021: result: gcc
configure:2265: checking for C compiler version
configure:2268: gcc --version </dev/null >&5
gcc (GCC) 3.4.6 (Gentoo 3.4.6-r1, ssp-3.4.5-1.0, pie-8.7.9)
Copyright (C) 2006 Free Software Foundation, Inc.
This is free software; see the source for copying conditions.  There is NO
warranty; not even for MERCHANTABILITY or FITNESS FOR A PARTICULAR PURPOSE.

configure:2271: $? = 0
configure:2273: gcc -v </dev/null >&5
Reading specs from /usr/lib/gcc/i686-pc-linux-gnu/3.4.6/specs
Configured with: /var/tmp/portage/gcc-3.4.6-r1/work/gcc-3.4.6/configure --prefix=/usr --bindir=/usr/i686-pc-linux-gnu/gcc-bin/3.4.6 --includedir=/usr/lib/gcc/i686-pc-linux-gnu/3.4.6/include --datadir=/usr/share/gcc-data/i686-pc-linux-gnu/3.4.6 --mandir=/usr/share/gcc-data/i686-pc-linux-gnu/3.4.6/man --infodir=/usr/share/gcc-data/i686-pc-linux-gnu/3.4.6/info --with-gxx-include-dir=/usr/lib/gcc/i686-pc-linux-gnu/3.4.6/include/g++-v3 --host=i686-pc-linux-gnu --build=i686-pc-linux-gnu --disable-altivec --enable-nls --without-included-gettext --with-system-zlib --disable-checking --disable-werror --disable-libunwind-exceptions --disable-multilib --disable-libgcj --enable-languages=c,c++,f77 --enable-shared --enable-threads=posix --enable-__cxa_atexit --enable-clocale=gnu
Thread model: posix
gcc version 3.4.6 (Gentoo 3.4.6-r1, ssp-3.4.5-1.0, pie-8.7.9)
configure:2276: $? = 0
configure:2278: gcc -V </dev/null >&5
gcc: `-V' option must have argument
configure:2281: $? = 1
configure:2304: checking for C compiler default output file name
configure:2307: gcc    conftest.c  >&5
configure:2310: $? = 0
configure:2356: result: a.out
configure:2361: checking whether the C compiler works
configure:2367: ./a.out
configure:2370: $? = 0
configure:2387: result: yes
configure:2394: checking whether we are cross compiling
configure:2396: result: no
configure:2399: checking for suffix of executables
configure:2401: gcc -o conftest    conftest.c  >&5
configure:2404: $? = 0
configure:2429: result: 
configure:2435: checking for suffix of object files
configure:2456: gcc -c   conftest.c >&5
configure:2459: $? = 0
configure:2481: result: o
configure:2485: checking whether we are using the GNU C compiler
configure:2509: gcc -c   conftest.c >&5
configure:2515: $? = 0
configure:2519: test -z 
			 || test ! -s conftest.err
configure:2522: $? = 0
configure:2525: test -s conftest.o
configure:2528: $? = 0
configure:2541: result: yes
configure:2547: checking whether gcc accepts -g
configure:2568: gcc -c -g  conftest.c >&5
configure:2574: $? = 0
configure:2578: test -z 
			 || test ! -s conftest.err
configure:2581: $? = 0
configure:2584: test -s conftest.o
configure:2587: $? = 0
configure:2598: result: yes
configure:2615: checking for gcc option to accept ANSI C
configure:2685: gcc  -c -g -O2  conftest.c >&5
configure:2691: $? = 0
configure:2695: test -z 
			 || test ! -s conftest.err
configure:2698: $? = 0
configure:2701: test -s conftest.o
configure:2704: $? = 0
configure:2722: result: none needed
configure:2740: gcc -c -g -O2  conftest.c >&5
conftest.c:2: error: syntax error before "me"
configure:2746: $? = 1
configure: failed program was:
| #ifndef __cplusplus
|   choke me
| #endif
configure:2890: checking for style of include used by make
configure:2918: result: GNU
configure:2946: checking dependency style of gcc
configure:3036: result: gcc3
configure:3059: checking how to run the C preprocessor
configure:3094: gcc -E  conftest.c
configure:3100: $? = 0
configure:3132: gcc -E  conftest.c
conftest.c:11:28: ac_nonexistent.h: No such file or directory
configure:3138: $? = 1
configure: failed program was:
| /* confdefs.h.  */
| 
| #define PACKAGE_NAME ""
| #define PACKAGE_TARNAME ""
| #define PACKAGE_VERSION ""
| #define PACKAGE_STRING ""
| #define PACKAGE_BUGREPORT ""
| #define PACKAGE "mailtc"
| #define VERSION "1.2.0"
| /* end confdefs.h.  */
| #include <ac_nonexistent.h>
configure:3177: result: gcc -E
configure:3201: gcc -E  conftest.c
configure:3207: $? = 0
configure:3239: gcc -E  conftest.c
conftest.c:11:28: ac_nonexistent.h: No such file or directory
configure:3245: $? = 1
configure: failed program was:
| /* confdefs.h.  */
| 
| #define PACKAGE_NAME ""
| #define PACKAGE_TARNAME ""
| #define PACKAGE_VERSION ""
| #define PACKAGE_STRING ""
| #define PACKAGE_BUGREPORT ""
| #define PACKAGE "mailtc"
| #define VERSION "1.2.0"
| /* end confdefs.h.  */
| #include <ac_nonexistent.h>
configure:3289: checking for egrep
configure:3299: result: grep -E
configure:3305: checking for AIX
configure:3327: result: no
configure:3333: checking for library containing strerror
configure:3363: gcc -o conftest -g -O2   conftest.c  >&5
configure:3369: $? = 0
configure:3373: test -z 
			 || test ! -s conftest.err
configure:3376: $? = 0
configure:3379: test -s conftest
configure:3382: $? = 0
configure:3452: result: none required
configure:3459: checking for ANSI C header files
configure:3484: gcc -c -g -O2  conftest.c >&5
configure:3490: $? = 0
configure:3494: test -z 
			 || test ! -s conftest.err
configure:3497: $? = 0
configure:3500: test -s conftest.o
configure:3503: $? = 0
configure:3592: gcc -o conftest -g -O2   conftest.c  >&5
configure:3595: $? = 0
configure:3597: ./conftest
configure:3600: $? = 0
configure:3615: result: yes
configure:3639: checking for sys/types.h
configure:3655: gcc -c -g -O2  conftest.c >&5
configure:3661: $? = 0
configure:3665: test -z 
			 || test ! -s conftest.err
configure:3668: $? = 0
configure:3671: test -s conftest.o
configure:3674: $? = 0
configure:3685: result: yes
configure:3639: checking for sys/stat.h
configure:3655: gcc -c -g -O2  conftest.c >&5
configure:3661: $? = 0
configure:3665: test -z 
			 || test ! -s conftest.err
configure:3668: $? = 0
configure:3671: test -s conftest.o
configure:3674: $? = 0
configure:3685: result: yes
configure:3639: checking for stdlib.h
configure:3655: gcc -c -g -O2  conftest.c >&5
configure:3661: $? = 0
configure:3665: test -z 
			 || test ! -s conftest.err
configure:3668: $? = 0
configure:3671: test -s conftest.o
configure:3674: $? = 0
configure:3685: result: yes
configure:3639: checking for string.h
configure:3655: gcc -c -g -O2  conftest.c >&5
configure:3661: $? = 0
configure:3665: test -z 
			 || test ! -s conftest.err
configure:3668: $? = 0
configure:3671: test -s conftest.o
configure:3674: $? = 0
configure:3685: result: yes
configure:3639: checking for memory.h
configure:3655: gcc -c -g -O2  conftest.c >&5
configure:3661: $? = 0
configure:3665: test -z 
			 || test ! -s conftest.err
configure:3668: $? = 0
configure:3671: test -s conftest.o
configure:3674: $? = 0
configure:3685: result: yes
configure:3639: checking for strings.h
configure:3655: gcc -c -g -O2  conftest.c >&5
configure:3661: $? = 0
configure:3665: test -z 
			 || test ! -s conftest.err
configure:3668: $? = 0
configure:3671: test -s conftest.o
configure:3674: $? = 0
configure:3685: result: yes
configure:3639: checking for inttypes.h
configure:3655: gcc -c -g -O2  conftest.c >&5
configure:3661: $? = 0
configure:3665: test -z 
			 || test ! -s conftest.err
configure:3668: $? = 0
configure:3671: test -s conftest.o
configure:3674: $? = 0
configure:3685: result: yes
configure:3639: checking for stdint.h
configure:3655: gcc -c -g -O2  conftest.c >&5
configure:3661: $? = 0
configure:3665: test -z 
			 || test ! -s conftest.err
configure:3668: $? = 0
configure:3671: test -s conftest.o
configure:3674: $? = 0
configure:3685: result: yes
configure:3639: checking for unistd.h
configure:3655: gcc -c -g -O2  conftest.c >&5
configure:3661: $? = 0
configure:3665: test -z 
			 || test ! -s conftest.err
configure:3668: $? = 0
configure:3671: test -s conftest.o
configure:3674: $? = 0
configure:3685: result: yes
configure:3707: checking minix/config.h usability
configure:3719: gcc -c -g -O2  conftest.c >&5
conftest.c:55:26: minix/config.h: No such file or directory
configure:3725: $? = 1
configure: failed program was:
| /* confdefs.h.  */
| 
| #define PACKAGE_NAME ""
| #define PACKAGE_TARNAME ""
| #define PACKAGE_VERSION ""
| #define PACKAGE_STRING ""
| #define PACKAGE_BUGREPORT ""
| #define PACKAGE "mailtc"
| #define VERSION "1.2.0"
| #define STDC_HEADERS 1
| #define HAVE_SYS_TYPES_H 1
| #define HAVE_SYS_STAT_H 1
| #define HAVE_STDLIB_H 1
| #define HAVE_STRING_H 1
| #define HAVE_MEMORY_H 1
| #define HAVE_STRINGS_H 1
| #define HAVE_INTTYPES_H 1
| #define HAVE_STDINT_H 1
| #define HAVE_UNISTD_H 1
| /* end confdefs.h.  */
| #include <stdio.h>
| #if HAVE_SYS_TYPES_H
| # include <sys/types.h>
| #endif
| #if HAVE_SYS_STAT_H
| # include <sys/stat.h>
| #endif
| #if STDC_HEADERS
| # include <stdlib.h>
| # include <stddef.h>
| #else
| # if HAVE_STDLIB_H
| #  include <stdlib.h>
| # endif
| #endif
| #if HAVE_STRING_H
| # if !STDC_HEADERS && HAVE_MEMORY_H
| #  include <memory.h>
| # endif
| # include <string.h>
| #endif
| #if HAVE_STRINGS_H
| # include <strings.h>
| #endif
| #if HAVE_INTTYPES_H
| # include <inttypes.h>
| #else
| # if HAVE_STDINT_H
| #  include <stdint.h>
| # endif
| #endif
| #if HAVE_UNISTD_H
| # include <unistd.h>
| #endif
| #include <minix/config.h>
configure:3748: result: no
configure:3752: checking minix/config.h presence
configure:3762: gcc -E  conftest.c
conftest.c:21:26: minix/config.h: No such file or directory
configure:3768: $? = 1
configure: failed program was:
| /* confdefs.h.  */
| 
| #define PACKAGE_NAME ""
| #define PACKAGE_TARNAME ""
| #define PACKAGE_VERSION ""
| #define PACKAGE_STRING ""
| #define PACKAGE_BUGREPORT ""
| #define PACKAGE "mailtc"
| #define VERSION "1.2.0"
| #define STDC_HEADERS 1
| #define HAVE_SYS_TYPES_H 1
| #define HAVE_SYS_STAT_H 1
| #define HAVE_STDLIB_H 1
| #define HAVE_STRING_H 1
| #define HAVE_MEMORY_H 1
| #define HAVE_STRINGS_H 1
| #define HAVE_INTTYPES_H 1
| #define HAVE_STDINT_H 1
| #define HAVE_UNISTD_H 1
| /* end confdefs.h.  */
| #include <minix/config.h>
configure:3788: result: no
configure:3823: checking for minix/config.h
configure:3830: result: no
configure:3859: checking for ANSI C header files
configure:4015: result: yes
configure:4104: checking build system type
configure:4122: result: i686-pc-linux-gnu
configure:4130: checking host system type
configure:4144: result: i686-pc-linux-gnu
configure:4152: checking for a sed that does not truncate output
configure:4206: result: /usr/bin/sed
configure:4220: checking for ld used by gcc
configure:4287: result: /usr/i686-pc-linux-gnu/bin/ld
configure:4296: checking if the linker (/usr/i686-pc-linux-gnu/bin/ld) is GNU ld
configure:4311: result: yes
configure:4316: checking for /usr/i686-pc-linux-gnu/bin/ld option to reload object files
configure:4323: result: -r
configure:4341: checking for BSD-compatible nm
configure:4390: result: /usr/bin/nm -B
configure:4394: checking whether ln -s works
configure:4398: result: yes
configure:4405: checking how to recognise dependent libraries
configure:4581: result: pass_all
configure:4826: checking dlfcn.h usability
configure:4838: gcc -c -g -O2  conftest.c >&5
configure:4844: $? = 0
configure:4848: test -z 
			 || test ! -s conftest.err
configure:4851: $? = 0
configure:4854: test -s conftest.o
configure:4857: $? = 0
configure:4867: result: yes
configure:4871: checking dlfcn.h presence
configure:4881: gcc -E  conftest.c
configure:4887: $? = 0
configure:4907: result: yes
configure:4942: checking for dlfcn.h
configure:4949: result: yes
configure:5014: checking for g++
configure:5030: found /usr/bin/g++
configure:5040: result: g++
configure:5056: checking for C++ compiler version
configure:5059: g++ --version </dev/null >&5
g++ (GCC) 3.4.6 (Gentoo 3.4.6-r1, ssp-3.4.5-1.0, pie-8.7.9)
Copyright (C) 2006 Free Software Foundation, Inc.
This is free software; see the source for copying conditions.  There is NO
warranty; not even for MERCHANTABILITY or FITNESS FOR A PARTICULAR PURPOSE.

configure:5062: $? = 0
configure:5064: g++ -v </dev/null >&5
Reading specs from /usr/lib/gcc/i686-pc-linux-gnu/3.4.6/specs
Configured with: /var/tmp/portage/gcc-3.4.6-r1/work/gcc-3.4.6/configure --prefix=/usr --bindir=/usr/i686-pc-linux-gnu/gcc-bin/3.4.6 --includedir=/usr/lib/gcc/i686-pc-linux-gnu/3.4.6/include --datadir=/usr/share/gcc-data/i686-pc-linux-gnu/3.4.6 --mandir=/usr/share/gcc-data/i686-pc-linux-gnu/3.4.6/man --infodir=/usr/share/gcc-data/i686-pc-linux-gnu/3.4.6/info --with-gxx-include-dir=/usr/lib/gcc/i686-pc-linux-gnu/3.4.6/include/g++-v3 --host=i686-pc-linux-gnu --build=i686-pc-linux-gnu --disable-altivec --enable-nls --without-included-gettext --with-system-zlib --disable-checking --disable-werror --disable-libunwind-exceptions --disable-multilib --disable-libgcj --enable-languages=c,c++,f77 --enable-shared --enable-threads=posix --enable-__cxa_atexit --enable-clocale=gnu
Thread model: posix
gcc version 3.4.6 (Gentoo 3.4.6-r1, ssp-3.4.5-1.0, pie-8.7.9)
configure:5067: $? = 0
configure:5069: g++ -V </dev/null >&5
g++: `-V' option must have argument
configure:5072: $? = 1
configure:5075: checking whether we are using the GNU C++ compiler
configure:5099: g++ -c   conftest.cc >&5
configure:5105: $? = 0
configure:5109: test -z 
			 || test ! -s conftest.err
configure:5112: $? = 0
configure:5115: test -s conftest.o
configure:5118: $? = 0
configure:5131: result: yes
configure:5137: checking whether g++ accepts -g
configure:5158: g++ -c -g  conftest.cc >&5
configure:5164: $? = 0
configure:5168: test -z 
			 || test ! -s conftest.err
configure:5171: $? = 0
configure:5174: test -s conftest.o
configure:5177: $? = 0
configure:5188: result: yes
configure:5230: g++ -c -g -O2  conftest.cc >&5
configure:5236: $? = 0
configure:5240: test -z 
			 || test ! -s conftest.err
configure:5243: $? = 0
configure:5246: test -s conftest.o
configure:5249: $? = 0
configure:5275: g++ -c -g -O2  conftest.cc >&5
conftest.cc: In function `int main()':
conftest.cc:27: error: `exit' was not declared in this scope
configure:5281: $? = 1
configure: failed program was:
| /* confdefs.h.  */
| 
| #define PACKAGE_NAME ""
| #define PACKAGE_TARNAME ""
| #define PACKAGE_VERSION ""
| #define PACKAGE_STRING ""
| #define PACKAGE_BUGREPORT ""
| #define PACKAGE "mailtc"
| #define VERSION "1.2.0"
| #define STDC_HEADERS 1
| #define HAVE_SYS_TYPES_H 1
| #define HAVE_SYS_STAT_H 1
| #define HAVE_STDLIB_H 1
| #define HAVE_STRING_H 1
| #define HAVE_MEMORY_H 1
| #define HAVE_STRINGS_H 1
| #define HAVE_INTTYPES_H 1
| #define HAVE_STDINT_H 1
| #define HAVE_UNISTD_H 1
| #define STDC_HEADERS 1
| #define HAVE_DLFCN_H 1
| /* end confdefs.h.  */
| 
| int
| main ()
| {
| exit (42);
|   ;
|   return 0;
| }
configure:5230: g++ -c -g -O2  conftest.cc >&5
configure:5236: $? = 0
configure:5240: test -z 
			 || test ! -s conftest.err
configure:5243: $? = 0
configure:5246: test -s conftest.o
configure:5249: $? = 0
configure:5275: g++ -c -g -O2  conftest.cc >&5
configure:5281: $? = 0
configure:5285: test -z 
			 || test ! -s conftest.err
configure:5288: $? = 0
configure:5291: test -s conftest.o
configure:5294: $? = 0
configure:5319: checking dependency style of g++
configure:5409: result: gcc3
configure:5436: checking how to run the C++ preprocessor
configure:5467: g++ -E  conftest.cc
configure:5473: $? = 0
configure:5505: g++ -E  conftest.cc
conftest.cc:26:28: ac_nonexistent.h: No such file or directory
configure:5511: $? = 1
configure: failed program was:
| /* confdefs.h.  */
| 
| #define PACKAGE_NAME ""
| #define PACKAGE_TARNAME ""
| #define PACKAGE_VERSION ""
| #define PACKAGE_STRING ""
| #define PACKAGE_BUGREPORT ""
| #define PACKAGE "mailtc"
| #define VERSION "1.2.0"
| #define STDC_HEADERS 1
| #define HAVE_SYS_TYPES_H 1
| #define HAVE_SYS_STAT_H 1
| #define HAVE_STDLIB_H 1
| #define HAVE_STRING_H 1
| #define HAVE_MEMORY_H 1
| #define HAVE_STRINGS_H 1
| #define HAVE_INTTYPES_H 1
| #define HAVE_STDINT_H 1
| #define HAVE_UNISTD_H 1
| #define STDC_HEADERS 1
| #define HAVE_DLFCN_H 1
| #ifdef __cplusplus
| extern "C" void std::exit (int) throw (); using std::exit;
| #endif
| /* end confdefs.h.  */
| #include <ac_nonexistent.h>
configure:5550: result: g++ -E
configure:5574: g++ -E  conftest.cc
configure:5580: $? = 0
configure:5612: g++ -E  conftest.cc
conftest.cc:26:28: ac_nonexistent.h: No such file or directory
configure:5618: $? = 1
configure: failed program was:
| /* confdefs.h.  */
| 
| #define PACKAGE_NAME ""
| #define PACKAGE_TARNAME ""
| #define PACKAGE_VERSION ""
| #define PACKAGE_STRING ""
| #define PACKAGE_BUGREPORT ""
| #define PACKAGE "mailtc"
| #define VERSION "1.2.0"
| #define STDC_HEADERS 1
| #define HAVE_SYS_TYPES_H 1
| #define HAVE_SYS_STAT_H 1
| #define HAVE_STDLIB_H 1
| #define HAVE_STRING_H 1
| #define HAVE_MEMORY_H 1
| #define HAVE_STRINGS_H 1
| #define HAVE_INTTYPES_H 1
| #define HAVE_STDINT_H 1
| #define HAVE_UNISTD_H 1
| #define STDC_HEADERS 1
| #define HAVE_DLFCN_H 1
| #ifdef __cplusplus
| extern "C" void std::exit (int) throw (); using std::exit;
| #endif
| /* end confdefs.h.  */
| #include <ac_nonexistent.h>
configure:5715: checking for g77
configure:5731: found /usr/bin/g77
configure:5741: result: g77
configure:5756: checking for Fortran 77 compiler version
configure:5759: g77 --version </dev/null >&5
GNU Fortran (GCC) 3.4.6 (Gentoo 3.4.6-r1, ssp-3.4.5-1.0, pie-8.7.9)
Copyright (C) 2006 Free Software Foundation, Inc.

GNU Fortran comes with NO WARRANTY, to the extent permitted by law.
You may redistribute copies of GNU Fortran
under the terms of the GNU General Public License.
For more information about these matters, see the file named COPYING
or type the command `info -f g77 Copying'.
configure:5762: $? = 0
configure:5764: g77 -v </dev/null >&5
Reading specs from /usr/lib/gcc/i686-pc-linux-gnu/3.4.6/specs
Configured with: /var/tmp/portage/gcc-3.4.6-r1/work/gcc-3.4.6/configure --prefix=/usr --bindir=/usr/i686-pc-linux-gnu/gcc-bin/3.4.6 --includedir=/usr/lib/gcc/i686-pc-linux-gnu/3.4.6/include --datadir=/usr/share/gcc-data/i686-pc-linux-gnu/3.4.6 --mandir=/usr/share/gcc-data/i686-pc-linux-gnu/3.4.6/man --infodir=/usr/share/gcc-data/i686-pc-linux-gnu/3.4.6/info --with-gxx-include-dir=/usr/lib/gcc/i686-pc-linux-gnu/3.4.6/include/g++-v3 --host=i686-pc-linux-gnu --build=i686-pc-linux-gnu --disable-altivec --enable-nls --without-included-gettext --with-system-zlib --disable-checking --disable-werror --disable-libunwind-exceptions --disable-multilib --disable-libgcj --enable-languages=c,c++,f77 --enable-shared --enable-threads=posix --enable-__cxa_atexit --enable-clocale=gnu
Thread model: posix
gcc version 3.4.6 (Gentoo 3.4.6-r1, ssp-3.4.5-1.0, pie-8.7.9)
configure:5767: $? = 0
configure:5769: g77 -V </dev/null >&5
g77: `-V' option must have argument
configure:5772: $? = 1
configure:5780: checking whether we are using the GNU Fortran 77 compiler
configure:5794: g77 -c  conftest.F >&5
configure:5800: $? = 0
configure:5804: test -z 
			 || test ! -s conftest.err
configure:5807: $? = 0
configure:5810: test -s conftest.o
configure:5813: $? = 0
configure:5826: result: yes
configure:5832: checking whether g77 accepts -g
configure:5844: g77 -c -g conftest.f >&5
configure:5850: $? = 0
configure:5854: test -z 
			 || test ! -s conftest.err
configure:5857: $? = 0
configure:5860: test -s conftest.o
configure:5863: $? = 0
configure:5875: result: yes
configure:5905: checking the maximum length of command line arguments
configure:6014: result: 32768
configure:6025: checking command to parse /usr/bin/nm -B output from gcc object
configure:6130: gcc -c -g -O2  conftest.c >&5
configure:6133: $? = 0
configure:6137: /usr/bin/nm -B conftest.o \| sed -n -e 's/^.*[ 	]\([ABCDGIRSTW][ABCDGIRSTW]*\)[ 	][ 	]*\([_A-Za-z][_A-Za-z0-9]*\)$/\1 \2 \2/p' \> conftest.nm
configure:6140: $? = 0
configure:6192: gcc -o conftest -g -O2   conftest.c conftstm.o >&5
configure:6195: $? = 0
configure:6233: result: ok
configure:6237: checking for objdir
configure:6252: result: .libs
configure:6342: checking for ar
configure:6358: found /usr/bin/ar
configure:6369: result: ar
configure:6422: checking for ranlib
configure:6438: found /usr/bin/ranlib
configure:6449: result: ranlib
configure:6502: checking for strip
configure:6518: found /usr/bin/strip
configure:6529: result: strip
configure:6752: checking for correct ltmain.sh version
configure:6802: result: yes
configure:6862: checking if gcc supports -fno-rtti -fno-exceptions
configure:6880: gcc -c -g -O2  -fno-rtti -fno-exceptions conftest.c >&5
cc1: warning: command line option "-fno-rtti" is valid for C++/ObjC++ but not for C
configure:6884: $? = 0
configure:6897: result: no
configure:6912: checking for gcc option to produce PIC
configure:7122: result: -fPIC
configure:7130: checking if gcc PIC flag -fPIC works
configure:7148: gcc -c -g -O2  -fPIC -DPIC conftest.c >&5
configure:7152: $? = 0
configure:7165: result: yes
configure:7193: checking if gcc static flag -static works
configure:7221: result: yes
configure:7231: checking if gcc supports -c -o file.o
configure:7252: gcc -c -g -O2  -o out/conftest2.o conftest.c >&5
configure:7256: $? = 0
configure:7278: result: yes
configure:7304: checking whether the gcc linker (/usr/i686-pc-linux-gnu/bin/ld) supports shared libraries
configure:8262: result: yes
configure:8283: checking whether -lc should be explicitly linked in
configure:8288: gcc -c -g -O2  conftest.c >&5
configure:8291: $? = 0
configure:8306: gcc -shared conftest.o  -v -Wl,-soname -Wl,conftest -o conftest 2\>\&1 \| grep  -lc  \>/dev/null 2\>\&1
configure:8309: $? = 0
configure:8321: result: no
configure:8329: checking dynamic linker characteristics
configure:8954: result: GNU/Linux ld.so
configure:8963: checking how to hardcode library paths into programs
configure:8988: result: immediate
configure:9002: checking whether stripping libraries is possible
configure:9007: result: yes
configure:9841: checking if libtool supports shared libraries
configure:9843: result: yes
configure:9846: checking whether to build shared libraries
configure:9867: result: yes
configure:9870: checking whether to build static libraries
configure:9874: result: no
configure:9966: creating libtool
configure:10554: checking for ld used by g++
configure:10621: result: /usr/i686-pc-linux-gnu/bin/ld
configure:10630: checking if the linker (/usr/i686-pc-linux-gnu/bin/ld) is GNU ld
configure:10645: result: yes
configure:10696: checking whether the g++ linker (/usr/i686-pc-linux-gnu/bin/ld) supports shared libraries
configure:11634: result: yes
configure:11652: g++ -c -g -O2  conftest.cpp >&5
configure:11655: $? = 0
configure:11774: checking for g++ option to produce PIC
configure:12048: result: -fPIC
configure:12056: checking if g++ PIC flag -fPIC works
configure:12074: g++ -c -g -O2  -fPIC -DPIC conftest.cpp >&5
configure:12078: $? = 0
configure:12091: result: yes
configure:12119: checking if g++ static flag -static works
configure:12147: result: yes
configure:12157: checking if g++ supports -c -o file.o
configure:12178: g++ -c -g -O2  -o out/conftest2.o conftest.cpp >&5
configure:12182: $? = 0
configure:12204: result: yes
configure:12230: checking whether the g++ linker (/usr/i686-pc-linux-gnu/bin/ld) supports shared libraries
configure:12255: result: yes
configure:12322: checking dynamic linker characteristics
configure:12947: result: GNU/Linux ld.so
configure:12956: checking how to hardcode library paths into programs
configure:12981: result: immediate
configure:13507: checking if libtool supports shared libraries
configure:13509: result: yes
configure:13512: checking whether to build shared libraries
configure:13532: result: yes
configure:13535: checking whether to build static libraries
configure:13539: result: no
configure:13549: checking for g77 option to produce PIC
configure:13759: result: -fPIC
configure:13767: checking if g77 PIC flag -fPIC works
configure:13785: g77 -c -g -O2 -fPIC conftest.f >&5
configure:13789: $? = 0
configure:13802: result: yes
configure:13830: checking if g77 static flag -static works
configure:13858: result: yes
configure:13868: checking if g77 supports -c -o file.o
configure:13889: g77 -c -g -O2 -o out/conftest2.o conftest.f >&5
configure:13893: $? = 0
configure:13915: result: yes
configure:13941: checking whether the g77 linker (/usr/i686-pc-linux-gnu/bin/ld) supports shared libraries
configure:14879: result: yes
configure:14946: checking dynamic linker characteristics
configure:15571: result: GNU/Linux ld.so
configure:15580: checking how to hardcode library paths into programs
configure:15605: result: immediate
configure:19219: checking for a BSD-compatible install
configure:19274: result: /usr/bin/install -c
configure:19285: checking whether make sets $(MAKE)
configure:19305: result: yes
configure:19324: checking if debugging should be enabled
configure:19326: result: no
configure:19361: checking for pkg-config
configure:19379: found /usr/bin/pkg-config
configure:19392: result: /usr/bin/pkg-config
configure:19413: checking for GTK+ - version >= 2.4.0
configure:19528: gcc -o conftest  -I/usr/include/gtk-2.0 -I/usr/lib/gtk-2.0/include -I/usr/include/atk-1.0 -I/usr/include/cairo -I/usr/include/pango-1.0 -I/usr/include/glib-2.0 -I/usr/lib/glib-2.0/include     conftest.c -lgtk-x11-2.0 -lgdk-x11-2.0 -latk-1.0 -lgdk_pixbuf-2.0 -lm -lpangocairo-1.0 -lpango-1.0 -lcairo -lgobject-2.0 -lgmodule-2.0 -ldl -lglib-2.0    >&5
configure:19531: $? = 0
configure:19533: ./conftest
configure:19536: $? = 0
configure:19554: result: yes (version 2.8.12)
configure:19667: checking limits.h usability
configure:19679: gcc -c   conftest.c >&5
configure:19685: $? = 0
configure:19689: test -z 
			 || test ! -s conftest.err
configure:19692: $? = 0
configure:19695: test -s conftest.o
configure:19698: $? = 0
configure:19708: result: yes
configure:19712: checking limits.h presence
configure:19722: gcc -E  conftest.c
configure:19728: $? = 0
configure:19748: result: yes
configure:19783: checking for limits.h
configure:19790: result: yes
configure:19658: checking for unistd.h
configure:19663: result: yes
configure:19667: checking netdb.h usability
configure:19679: gcc -c   conftest.c >&5
configure:19685: $? = 0
configure:19689: test -z 
			 || test ! -s conftest.err
configure:19692: $? = 0
configure:19695: test -s conftest.o
configure:19698: $? = 0
configure:19708: result: yes
configure:19712: checking netdb.h presence
configure:19722: gcc -E  conftest.c
configure:19728: $? = 0
configure:19748: result: yes
configure:19783: checking for netdb.h
configure:19790: result: yes
configure:19658: checking for sys/types.h
configure:19663: result: yes
configure:19667: checking netinet/in.h usability
configure:19679: gcc -c   conftest.c >&5
configure:19685: $? = 0
configure:19689: test -z 
			 || test ! -s conftest.err
configure:19692: $? = 0
configure:19695: test -s conftest.o
configure:19698: $? = 0
configure:19708: result: yes
configure:19712: checking netinet/in.h presence
configure:19722: gcc -E  conftest.c
configure:19728: $? = 0
configure:19748: result: yes
configure:19783: checking for netinet/in.h
configure:19790: result: yes
configure:19667: checking sys/socket.h usability
configure:19679: gcc -c   conftest.c >&5
configure:19685: $? = 0
configure:19689: test -z 
			 || test ! -s conftest.err
configure:19692: $? = 0
configure:19695: test -s conftest.o
configure:19698: $? = 0
configure:19708: result: yes
configure:19712: checking sys/socket.h presence
configure:19722: gcc -E  conftest.c
configure:19728: $? = 0
configure:19748: result: yes
configure:19783: checking for sys/socket.h
configure:19790: result: yes
configure:19658: checking for sys/stat.h
configure:19663: result: yes
configure:19667: checking sys/select.h usability
configure:19679: gcc -c   conftest.c >&5
configure:19685: $? = 0
configure:19689: test -z 
			 || test ! -s conftest.err
configure:19692: $? = 0
configure:19695: test -s conftest.o
configure:19698: $? = 0
configure:19708: result: yes
configure:19712: checking sys/select.h presence
configure:19722: gcc -E  conftest.c
configure:19728: $? = 0
configure:19748: result: yes
configure:19783: checking for sys/select.h
configure:19790: result: yes
configure:19667: checking glib.h usability
configure:19679: gcc -c   conftest.c >&5
conftest.c:68:18: glib.h: No such file or directory
configure:19685: $? = 1
configure: failed program was:
| /* confdefs.h.  */
| 
| #define PACKAGE_NAME ""
| #define PACKAGE_TARNAME ""
| #define PACKAGE_VERSION ""
| #define PACKAGE_STRING ""
| #define PACKAGE_BUGREPORT ""
| #define PACKAGE "mailtc"
| #define VERSION "1.2.0"
| #define STDC_HEADERS 1
| #define HAVE_SYS_TYPES_H 1
| #define HAVE_SYS_STAT_H 1
| #define HAVE_STDLIB_H 1
| #define HAVE_STRING_H 1
| #define HAVE_MEMORY_H 1
| #define HAVE_STRINGS_H 1
| #define HAVE_INTTYPES_H 1
| #define HAVE_STDINT_H 1
| #define HAVE_UNISTD_H 1
| #define STDC_HEADERS 1
| #define HAVE_DLFCN_H 1
| #ifdef __cplusplus
| extern "C" void std::exit (int) throw (); using std::exit;
| #endif
| #define HAVE_LIMITS_H 1
| #define HAVE_UNISTD_H 1
| #define HAVE_NETDB_H 1
| #define HAVE_SYS_TYPES_H 1
| #define HAVE_NETINET_IN_H 1
| #define HAVE_SYS_SOCKET_H 1
| #define HAVE_SYS_STAT_H 1
| #define HAVE_SYS_SELECT_H 1
| /* end confdefs.h.  */
| #include <stdio.h>
| #if HAVE_SYS_TYPES_H
| # include <sys/types.h>
| #endif
| #if HAVE_SYS_STAT_H
| # include <sys/stat.h>
| #endif
| #if STDC_HEADERS
| # include <stdlib.h>
| # include <stddef.h>
| #else
| # if HAVE_STDLIB_H
| #  include <stdlib.h>
| # endif
| #endif
| #if HAVE_STRING_H
| # if !STDC_HEADERS && HAVE_MEMORY_H
| #  include <memory.h>
| # endif
| # include <string.h>
| #endif
| #if HAVE_STRINGS_H
| # include <strings.h>
| #endif
| #if HAVE_INTTYPES_H
| # include <inttypes.h>
| #else
| # if HAVE_STDINT_H
| #  include <stdint.h>
| # endif
| #endif
| #if HAVE_UNISTD_H
| # include <unistd.h>
| #endif
| #include <glib.h>
configure:19708: result: no
configure:19712: checking glib.h presence
configure:19722: gcc -E  conftest.c
conftest.c:34:18: glib.h: No such file or directory
configure:19728: $? = 1
configure: failed program was:
| /* confdefs.h.  */
| 
| #define PACKAGE_NAME ""
| #define PACKAGE_TARNAME ""
| #define PACKAGE_VERSION ""
| #define PACKAGE_STRING ""
| #define PACKAGE_BUGREPORT ""
| #define PACKAGE "mailtc"
| #define VERSION "1.2.0"
| #define STDC_HEADERS 1
| #define HAVE_SYS_TYPES_H 1
| #define HAVE_SYS_STAT_H 1
| #define HAVE_STDLIB_H 1
| #define HAVE_STRING_H 1
| #define HAVE_MEMORY_H 1
| #define HAVE_STRINGS_H 1
| #define HAVE_INTTYPES_H 1
| #define HAVE_STDINT_H 1
| #define HAVE_UNISTD_H 1
| #define STDC_HEADERS 1
| #define HAVE_DLFCN_H 1
| #ifdef __cplusplus
| extern "C" void std::exit (int) throw (); using std::exit;
| #endif
| #define HAVE_LIMITS_H 1
| #define HAVE_UNISTD_H 1
| #define HAVE_NETDB_H 1
| #define HAVE_SYS_TYPES_H 1
| #define HAVE_NETINET_IN_H 1
| #define HAVE_SYS_SOCKET_H 1
| #define HAVE_SYS_STAT_H 1
| #define HAVE_SYS_SELECT_H 1
| /* end confdefs.h.  */
| #include <glib.h>
configure:19748: result: no
configure:19783: checking for glib.h
configure:19790: result: no
configure:19804: checking for an ANSI C-conforming const
configure:19871: gcc -c   conftest.c >&5
configure:19877: $? = 0
configure:19881: test -z 
			 || test ! -s conftest.err
configure:19884: $? = 0
configure:19887: test -s conftest.o
configure:19890: $? = 0
configure:19901: result: yes
configure:19911: checking for pid_t
configure:19935: gcc -c   conftest.c >&5
configure:19941: $? = 0
configure:19945: test -z 
			 || test ! -s conftest.err
configure:19948: $? = 0
configure:19951: test -s conftest.o
configure:19954: $? = 0
configure:19965: result: yes
configure:19982: checking for vprintf
configure:20039: gcc -o conftest    conftest.c  >&5
conftest.c:58: warning: conflicting types for built-in function 'vprintf'
configure:20045: $? = 0
configure:20049: test -z 
			 || test ! -s conftest.err
configure:20052: $? = 0
configure:20055: test -s conftest
configure:20058: $? = 0
configure:20070: result: yes
configure:20077: checking for _doprnt
configure:20134: gcc -o conftest    conftest.c  >&5
/tmp/ccI6NrfT.o: In function `main':
conftest.c:(.text+0x22): undefined reference to `_doprnt'
/tmp/ccI6NrfT.o:(.data+0x0): undefined reference to `_doprnt'
collect2: ld returned 1 exit status
configure:20140: $? = 1
configure: failed program was:
| /* confdefs.h.  */
| 
| #define PACKAGE_NAME ""
| #define PACKAGE_TARNAME ""
| #define PACKAGE_VERSION ""
| #define PACKAGE_STRING ""
| #define PACKAGE_BUGREPORT ""
| #define PACKAGE "mailtc"
| #define VERSION "1.2.0"
| #define STDC_HEADERS 1
| #define HAVE_SYS_TYPES_H 1
| #define HAVE_SYS_STAT_H 1
| #define HAVE_STDLIB_H 1
| #define HAVE_STRING_H 1
| #define HAVE_MEMORY_H 1
| #define HAVE_STRINGS_H 1
| #define HAVE_INTTYPES_H 1
| #define HAVE_STDINT_H 1
| #define HAVE_UNISTD_H 1
| #define STDC_HEADERS 1
| #define HAVE_DLFCN_H 1
| #ifdef __cplusplus
| extern "C" void std::exit (int) throw (); using std::exit;
| #endif
| #define HAVE_LIMITS_H 1
| #define HAVE_UNISTD_H 1
| #define HAVE_NETDB_H 1
| #define HAVE_SYS_TYPES_H 1
| #define HAVE_NETINET_IN_H 1
| #define HAVE_SYS_SOCKET_H 1
| #define HAVE_SYS_STAT_H 1
| #define HAVE_SYS_SELECT_H 1
| #define HAVE_VPRINTF 1
| /* end confdefs.h.  */
| /* Define _doprnt to an innocuous variant, in case <limits.h> declares _doprnt.
|    For example, HP-UX 11i <limits.h> declares gettimeofday.  */
| #define _doprnt innocuous__doprnt
| 
| /* System header to define __stub macros and hopefully few prototypes,
|     which can conflict with char _doprnt (); below.
|     Prefer <limits.h> to <assert.h> if __STDC__ is defined, since
|     <limits.h> exists even on freestanding compilers.  */
| 
| #ifdef __STDC__
| # include <limits.h>
| #else
| # include <assert.h>
| #endif
| 
| #undef _doprnt
| 
| /* Override any gcc2 internal prototype to avoid an error.  */
| #ifdef __cplusplus
| extern "C"
| {
| #endif
| /* We use char because int might match the return type of a gcc2
|    builtin and then its argument prototype would still apply.  */
| char _doprnt ();
| /* The GNU C library defines this for functions which it implements
|     to always fail with ENOSYS.  Some functions are actually named
|     something starting with __ and the normal name is an alias.  */
| #if defined (__stub__doprnt) || defined (__stub____doprnt)
| choke me
| #else
| char (*f) () = _doprnt;
| #endif
| #ifdef __cplusplus
| }
| #endif
| 
| int
| main ()
| {
| return f != _doprnt;
|   ;
|   return 0;
| }
configure:20165: result: no
configure:20199: checking for fork
configure:20256: gcc -o conftest    conftest.c  >&5
configure:20262: $? = 0
configure:20266: test -z 
			 || test ! -s conftest.err
configure:20269: $? = 0
configure:20272: test -s conftest
configure:20275: $? = 0
configure:20287: result: yes
configure:20199: checking for execlp
configure:20256: gcc -o conftest    conftest.c  >&5
configure:20262: $? = 0
configure:20266: test -z 
			 || test ! -s conftest.err
configure:20269: $? = 0
configure:20272: test -s conftest
configure:20275: $? = 0
configure:20287: result: yes
configure:20199: checking for access
configure:20256: gcc -o conftest    conftest.c  >&5
configure:20262: $? = 0
configure:20266: test -z 
			 || test ! -s conftest.err
configure:20269: $? = 0
configure:20272: test -s conftest
configure:20275: $? = 0
configure:20287: result: yes
configure:20199: checking for rename
configure:20256: gcc -o conftest    conftest.c  >&5
configure:20262: $? = 0
configure:20266: test -z 
			 || test ! -s conftest.err
configure:20269: $? = 0
configure:20272: test -s conftest
configure:20275: $? = 0
configure:20287: result: yes
configure:20199: checking for remove
configure:20256: gcc -o conftest    conftest.c  >&5
configure:20262: $? = 0
configure:20266: test -z 
			 || test ! -s conftest.err
configure:20269: $? = 0
configure:20272: test -s conftest
configure:20275: $? = 0
configure:20287: result: yes
configure:20199: checking for mkdir
configure:20256: gcc -o conftest    conftest.c  >&5
configure:20262: $? = 0
configure:20266: test -z 
			 || test ! -s conftest.err
configure:20269: $? = 0
configure:20272: test -s conftest
configure:20275: $? = 0
configure:20287: result: yes
configure:20199: checking for socket
configure:20256: gcc -o conftest    conftest.c  >&5
configure:20262: $? = 0
configure:20266: test -z 
			 || test ! -s conftest.err
configure:20269: $? = 0
configure:20272: test -s conftest
configure:20275: $? = 0
configure:20287: result: yes
configure:20199: checking for gethostbyname
configure:20256: gcc -o conftest    conftest.c  >&5
configure:20262: $? = 0
configure:20266: test -z 
			 || test ! -s conftest.err
configure:20269: $? = 0
configure:20272: test -s conftest
configure:20275: $? = 0
configure:20287: result: yes
configure:20199: checking for connect
configure:20256: gcc -o conftest    conftest.c  >&5
configure:20262: $? = 0
configure:20266: test -z 
			 || test ! -s conftest.err
configure:20269: $? = 0
configure:20272: test -s conftest
configure:20275: $? = 0
configure:20287: result: yes
configure:20199: checking for send
configure:20256: gcc -o conftest    conftest.c  >&5
configure:20262: $? = 0
configure:20266: test -z 
			 || test ! -s conftest.err
configure:20269: $? = 0
configure:20272: test -s conftest
configure:20275: $? = 0
configure:20287: result: yes
configure:20199: checking for recv
configure:20256: gcc -o conftest    conftest.c  >&5
configure:20262: $? = 0
configure:20266: test -z 
			 || test ! -s conftest.err
configure:20269: $? = 0
configure:20272: test -s conftest
configure:20275: $? = 0
configure:20287: result: yes
configure:20199: checking for memset
configure:20256: gcc -o conftest    conftest.c  >&5
conftest.c:70: warning: conflicting types for built-in function 'memset'
configure:20262: $? = 0
configure:20266: test -z 
			 || test ! -s conftest.err
configure:20269: $? = 0
configure:20272: test -s conftest
configure:20275: $? = 0
configure:20287: result: yes
configure:20199: checking for fopen
configure:20256: gcc -o conftest    conftest.c  >&5
configure:20262: $? = 0
configure:20266: test -z 
			 || test ! -s conftest.err
configure:20269: $? = 0
configure:20272: test -s conftest
configure:20275: $? = 0
configure:20287: result: yes
configure:20199: checking for time
configure:20256: gcc -o conftest    conftest.c  >&5
configure:20262: $? = 0
configure:20266: test -z 
			 || test ! -s conftest.err
configure:20269: $? = 0
configure:20272: test -s conftest
configure:20275: $? = 0
configure:20287: result: yes
configure:20199: checking for strstr
configure:20256: gcc -o conftest    conftest.c  >&5
conftest.c:73: warning: conflicting types for built-in function 'strstr'
configure:20262: $? = 0
configure:20266: test -z 
			 || test ! -s conftest.err
configure:20269: $? = 0
configure:20272: test -s conftest
configure:20275: $? = 0
configure:20287: result: yes
configure:20199: checking for select
configure:20256: gcc -o conftest    conftest.c  >&5
configure:20262: $? = 0
configure:20266: test -z 
			 || test ! -s conftest.err
configure:20269: $? = 0
configure:20272: test -s conftest
configure:20275: $? = 0
configure:20287: result: yes
configure:20199: checking for kill
configure:20256: gcc -o conftest    conftest.c  >&5
configure:20262: $? = 0
configure:20266: test -z 
			 || test ! -s conftest.err
configure:20269: $? = 0
configure:20272: test -s conftest
configure:20275: $? = 0
configure:20287: result: yes
configure:20324: checking locale.h usability
configure:20336: gcc -c   conftest.c >&5
configure:20342: $? = 0
configure:20346: test -z 
			 || test ! -s conftest.err
configure:20349: $? = 0
configure:20352: test -s conftest.o
configure:20355: $? = 0
configure:20365: result: yes
configure:20369: checking locale.h presence
configure:20379: gcc -E  conftest.c
configure:20385: $? = 0
configure:20405: result: yes
configure:20440: checking for locale.h
configure:20447: result: yes
configure:20461: checking for LC_MESSAGES
configure:20482: gcc -o conftest    conftest.c  >&5
configure:20488: $? = 0
configure:20492: test -z 
			 || test ! -s conftest.err
configure:20495: $? = 0
configure:20498: test -s conftest
configure:20501: $? = 0
configure:20513: result: yes
configure:20542: checking libintl.h usability
configure:20554: gcc -c   conftest.c >&5
configure:20560: $? = 0
configure:20564: test -z 
			 || test ! -s conftest.err
configure:20567: $? = 0
configure:20570: test -s conftest.o
configure:20573: $? = 0
configure:20583: result: yes
configure:20587: checking libintl.h presence
configure:20597: gcc -E  conftest.c
configure:20603: $? = 0
configure:20623: result: yes
configure:20658: checking for libintl.h
configure:20665: result: yes
configure:20676: checking for ngettext in libc
configure:20699: gcc -o conftest    conftest.c  >&5
configure:20705: $? = 0
configure:20709: test -z 
			 || test ! -s conftest.err
configure:20712: $? = 0
configure:20715: test -s conftest
configure:20718: $? = 0
configure:20731: result: yes
configure:20735: checking for dgettext in libc
configure:20758: gcc -o conftest    conftest.c  >&5
configure:20764: $? = 0
configure:20768: test -z 
			 || test ! -s conftest.err
configure:20771: $? = 0
configure:20774: test -s conftest
configure:20777: $? = 0
configure:20790: result: yes
configure:20799: checking for bind_textdomain_codeset
configure:20856: gcc -o conftest    conftest.c  >&5
configure:20862: $? = 0
configure:20866: test -z 
			 || test ! -s conftest.err
configure:20869: $? = 0
configure:20872: test -s conftest
configure:20875: $? = 0
configure:20887: result: yes
configure:21397: checking for msgfmt
configure:21424: result: /usr/bin/msgfmt
configure:21437: checking for dcgettext
configure:21494: gcc -o conftest    conftest.c   >&5
conftest.c:80: warning: conflicting types for built-in function 'dcgettext'
configure:21500: $? = 0
configure:21504: test -z 
			 || test ! -s conftest.err
configure:21507: $? = 0
configure:21510: test -s conftest
configure:21513: $? = 0
configure:21525: result: yes
configure:21537: checking for gmsgfmt
configure:21555: found /usr/bin/gmsgfmt
configure:21568: result: /usr/bin/gmsgfmt
configure:21577: checking for xgettext
configure:21604: result: /usr/bin/xgettext
configure:21628: gcc -o conftest    conftest.c   >&5
configure:21634: $? = 0
configure:21638: test -z 
			 || test ! -s conftest.err
configure:21641: $? = 0
configure:21644: test -s conftest
configure:21647: $? = 0
configure:21881: checking if NLS should be used
configure:21883: result: yes
configure:21921: checking openssl/evp.h usability
configure:21933: gcc -c   conftest.c >&5
configure:21939: $? = 0
configure:21943: test -z 
			 || test ! -s conftest.err
configure:21946: $? = 0
configure:21949: test -s conftest.o
configure:21952: $? = 0
configure:21962: result: yes
configure:21966: checking openssl/evp.h presence
configure:21976: gcc -E  conftest.c
configure:21982: $? = 0
configure:22002: result: yes
configure:22037: checking for openssl/evp.h
configure:22044: result: yes
configure:22065: checking if OpenSSL should be used
configure:22067: result: yes
configure:22251: creating ./config.status

## ---------------------- ##
## Running config.status. ##
## ---------------------- ##

This file was extended by config.status, which was
generated by GNU Autoconf 2.59.  Invocation command line was

  CONFIG_FILES    = 
  CONFIG_HEADERS  = 
  CONFIG_LINKS    = 
  CONFIG_COMMANDS = 
  $ ./config.status 

on marmite

config.status:736: creating Makefile
config.status:736: creating src/Makefile
config.status:736: creating plugin/Makefile
config.status:736: creating po/Makefile.in
config.status:919: executing depfiles commands
config.status:919: executing default-1 commands

## ---------------- ##
## Cache variables. ##
## ---------------- ##

ac_cv_build=i686-pc-linux-gnu
ac_cv_build_alias=i686-pc-linux-gnu
ac_cv_c_compiler_gnu=yes
ac_cv_c_const=yes
ac_cv_cxx_compiler_gnu=yes
ac_cv_env_CC_set=
ac_cv_env_CC_value=
ac_cv_env_CFLAGS_set=
ac_cv_env_CFLAGS_value=
ac_cv_env_CPPFLAGS_set=
ac_cv_env_CPPFLAGS_value=
ac_cv_env_CPP_set=
ac_cv_env_CPP_value=
ac_cv_env_CXXCPP_set=
ac_cv_env_CXXCPP_value=
ac_cv_env_CXXFLAGS_set=
ac_cv_env_CXXFLAGS_value=
ac_cv_env_CXX_set=
ac_cv_env_CXX_value=
ac_cv_env_F77_set=
ac_cv_env_F77_value=
ac_cv_env_FFLAGS_set=
ac_cv_env_FFLAGS_value=
ac_cv_env_LDFLAGS_set=
ac_cv_env_LDFLAGS_value=
ac_cv_env_build_alias_set=
ac_cv_env_build_alias_value=
ac_cv_env_host_alias_set=
ac_cv_env_host_alias_value=
ac_cv_env_target_alias_set=
ac_cv_env_target_alias_value=
ac_cv_exeext=
ac_cv_f77_compiler_gnu=yes
ac_cv_func__doprnt=no
ac_cv_func_access=yes
ac_cv_func_bind_textdomain_codeset=yes
ac_cv_func_connect=yes
ac_cv_func_dcgettext=yes
ac_cv_func_execlp=yes
ac_cv_func_fopen=yes
ac_cv_func_fork=yes
ac_cv_func_gethostbyname=yes
ac_cv_func_kill=yes
ac_cv_func_memset=yes
ac_cv_func_mkdir=yes
ac_cv_func_recv=yes
ac_cv_func_remove=yes
ac_cv_func_rename=yes
ac_cv_func_select=yes
ac_cv_func_send=yes
ac_cv_func_socket=yes
ac_cv_func_strstr=yes
ac_cv_func_time=yes
ac_cv_func_vprintf=yes
ac_cv_header_dlfcn_h=yes
ac_cv_header_glib_h=no
ac_cv_header_inttypes_h=yes
ac_cv_header_libintl_h=yes
ac_cv_header_limits_h=yes
ac_cv_header_locale_h=yes
ac_cv_header_memory_h=yes
ac_cv_header_minix_config_h=no
ac_cv_header_netdb_h=yes
ac_cv_header_netinet_in_h=yes
ac_cv_header_openssl_evp_h=yes
ac_cv_header_stdc=yes
ac_cv_header_stdint_h=yes
ac_cv_header_stdlib_h=yes
ac_cv_header_string_h=yes
ac_cv_header_strings_h=yes
ac_cv_header_sys_select_h=yes
ac_cv_header_sys_socket_h=yes
ac_cv_header_sys_stat_h=yes
ac_cv_header_sys_types_h=yes
ac_cv_header_unistd_h=yes
ac_cv_host=i686-pc-linux-gnu
ac_cv_host_alias=i686-pc-linux-gnu
ac_cv_objext=o
ac_cv_path_GMSGFMT=/usr/bin/gmsgfmt
ac_cv_path_MSGFMT=/usr/bin/msgfmt
ac_cv_path_PKG_CONFIG=/usr/bin/pkg-config
ac_cv_path_XGETTEXT=/usr/bin/xgettext
ac_cv_path_install='/usr/bin/install -c'
ac_cv_prog_AWK=gawk
ac_cv_prog_CPP='gcc -E'
ac_cv_prog_CXXCPP='g++ -E'
ac_cv_prog_ac_ct_AR=ar
ac_cv_prog_ac_ct_CC=gcc
ac_cv_prog_ac_ct_CXX=g++
ac_cv_prog_ac_ct_F77=g77
ac_cv_prog_ac_ct_RANLIB=ranlib
ac_cv_prog_ac_ct_STRIP=strip
ac_cv_prog_cc_g=yes
ac_cv_prog_cc_stdc=
ac_cv_prog_cxx_g=yes
ac_cv_prog_egrep='grep -E'
ac_cv_prog_f77_g=yes
ac_cv_prog_make_make_set=yes
ac_cv_search_strerror='none required'
ac_cv_type_pid_t=yes
am_cv_CC_dependencies_compiler_type=gcc3
am_cv_CXX_dependencies_compiler_type=gcc3
am_cv_val_LC_MESSAGES=yes
gt_cv_func_dgettext_libc=yes
gt_cv_func_dgettext_libintl=no
gt_cv_func_ngettext_libc=yes
gt_cv_have_gettext=yes
lt_cv_deplibs_check_method=pass_all
lt_cv_file_magic_cmd='$MAGIC_CMD'
lt_cv_file_magic_test_file=
lt_cv_ld_reload_flag=-r
lt_cv_objdir=.libs
lt_cv_path_LD=/usr/i686-pc-linux-gnu/bin/ld
lt_cv_path_LDCXX=/usr/i686-pc-linux-gnu/bin/ld
lt_cv_path_NM='/usr/bin/nm -B'
lt_cv_path_SED=/usr/bin/sed
lt_cv_prog_compiler_c_o=yes
lt_cv_prog_compiler_c_o_CXX=yes
lt_cv_prog_compiler_c_o_F77=yes
lt_cv_prog_compiler_rtti_exceptions=no
lt_cv_prog_gnu_ld=yes
lt_cv_prog_gnu_ldcxx=yes
lt_cv_sys_global_symbol_pipe='sed -n -e '\''s/^.*[ 	]\([ABCDGIRSTW][ABCDGIRSTW]*\)[ 	][ 	]*\([_A-Za-z][_A-Za-z0-9]*\)$/\1 \2 \2/p'\'''
lt_cv_sys_global_symbol_to_c_name_address='sed -n -e '\''s/^: \([^ ]*\) $/  {\"\1\", (lt_ptr) 0},/p'\'' -e '\''s/^[BCDEGRST] \([^ ]*\) \([^ ]*\)$/  {"\2", (lt_ptr) \&\2},/p'\'''
lt_cv_sys_global_symbol_to_cdecl='sed -n -e '\''s/^. .* \(.*\)$/extern int \1;/p'\'''
lt_cv_sys_max_cmd_len=32768
lt_lt_cv_prog_compiler_c_o='"yes"'
lt_lt_cv_prog_compiler_c_o_CXX='"yes"'
lt_lt_cv_prog_compiler_c_o_F77='"yes"'
lt_lt_cv_sys_global_symbol_pipe='"sed -n -e '\''s/^.*[ 	]\\([ABCDGIRSTW][ABCDGIRSTW]*\\)[ 	][ 	]*\\([_A-Za-z][_A-Za-z0-9]*\\)\$/\\1 \\2 \\2/p'\''"'
lt_lt_cv_sys_global_symbol_to_c_name_address='"sed -n -e '\''s/^: \\([^ ]*\\) \$/  {\\\"\\1\\\", (lt_ptr) 0},/p'\'' -e '\''s/^[BCDEGRST] \\([^ ]*\\) \\([^ ]*\\)\$/  {\"\\2\", (lt_ptr) \\&\\2},/p'\''"'
lt_lt_cv_sys_global_symbol_to_cdecl='"sed -n -e '\''s/^. .* \\(.*\\)\$/extern int \\1;/p'\''"'

## ----------------- ##
## Output variables. ##
## ----------------- ##

ACLOCAL='${SHELL} /home/dale/code/mailtc/missing --run aclocal-1.9'
AMDEPBACKSLASH='\'
AMDEP_FALSE='#'
AMDEP_TRUE=''
AMTAR='${SHELL} /home/dale/code/mailtc/missing --run tar'
AR='ar'
AUTOCONF='${SHELL} /home/dale/code/mailtc/missing --run autoconf'
AUTOHEADER='${SHELL} /home/dale/code/mailtc/missing --run autoheader'
AUTOMAKE='${SHELL} /home/dale/code/mailtc/missing --run automake-1.9'
AWK='gawk'
CATALOGS=''
CATOBJEXT='.gmo'
CC='gcc'
CCDEPMODE='depmode=gcc3'
CFLAGS=''
CPP='gcc -E'
CPPFLAGS=''
CXX='g++'
CXXCPP='g++ -E'
CXXDEPMODE='depmode=gcc3'
CXXFLAGS='-g -O2'
CYGPATH_W='echo'
DATADIRNAME='share'
DEBUG_FALSE=''
DEBUG_TRUE='#'
DEFS='-DPACKAGE_NAME=\"\" -DPACKAGE_TARNAME=\"\" -DPACKAGE_VERSION=\"\" -DPACKAGE_STRING=\"\" -DPACKAGE_BUGREPORT=\"\" -DPACKAGE=\"mailtc\" -DVERSION=\"1.2.0\" -DSTDC_HEADERS=1 -DHAVE_SYS_TYPES_H=1 -DHAVE_SYS_STAT_H=1 -DHAVE_STDLIB_H=1 -DHAVE_STRING_H=1 -DHAVE_MEMORY_H=1 -DHAVE_STRINGS_H=1 -DHAVE_INTTYPES_H=1 -DHAVE_STDINT_H=1 -DHAVE_UNISTD_H=1 -DSTDC_HEADERS=1 -DHAVE_DLFCN_H=1 -DHAVE_LIMITS_H=1 -DHAVE_UNISTD_H=1 -DHAVE_NETDB_H=1 -DHAVE_SYS_TYPES_H=1 -DHAVE_NETINET_IN_H=1 -DHAVE_SYS_SOCKET_H=1 -DHAVE_SYS_STAT_H=1 -DHAVE_SYS_SELECT_H=1 -DHAVE_VPRINTF=1 -DHAVE_FORK=1 -DHAVE_EXECLP=1 -DHAVE_ACCESS=1 -DHAVE_RENAME=1 -DHAVE_REMOVE=1 -DHAVE_MKDIR=1 -DHAVE_SOCKET=1 -DHAVE_GETHOSTBYNAME=1 -DHAVE_CONNECT=1 -DHAVE_SEND=1 -DHAVE_RECV=1 -DHAVE_MEMSET=1 -DHAVE_FOPEN=1 -DHAVE_TIME=1 -DHAVE_STRSTR=1 -DHAVE_SELECT=1 -DHAVE_KILL=1 -DHAVE_LOCALE_H=1 -DHAVE_LC_MESSAGES=1 -DHAVE_BIND_TEXTDOMAIN_CODESET=1 -DHAVE_GETTEXT=1 -DHAVE_DCGETTEXT=1 -DENABLE_NLS=1 -DGETTEXT_PACKAGE=\"mailtc\" -DMTC_USE_SSL=1 '
DEPDIR='.deps'
ECHO='echo'
ECHO_C=''
ECHO_N='-n'
ECHO_T=''
EGREP='grep -E'
EXEEXT=''
F77='g77'
FFLAGS='-g -O2'
GETTEXT_PACKAGE='mailtc'
GMOFILES=''
GMSGFMT='/usr/bin/gmsgfmt'
GTK_CFLAGS='-I/usr/include/gtk-2.0 -I/usr/lib/gtk-2.0/include -I/usr/include/atk-1.0 -I/usr/include/cairo -I/usr/include/pango-1.0 -I/usr/include/glib-2.0 -I/usr/lib/glib-2.0/include  '
GTK_LIBS='-lgtk-x11-2.0 -lgdk-x11-2.0 -latk-1.0 -lgdk_pixbuf-2.0 -lm -lpangocairo-1.0 -lpango-1.0 -lcairo -lgobject-2.0 -lgmodule-2.0 -ldl -lglib-2.0  '
INSTALL_DATA='${INSTALL} -m 644'
INSTALL_PROGRAM='${INSTALL}'
INSTALL_SCRIPT='${INSTALL}'
INSTALL_STRIP_PROGRAM='${SHELL} $(install_sh) -c -s'
INSTOBJEXT='.mo'
INTLLIBS=''
LDFLAGS=''
LIBOBJS=''
LIBS=''
LIBTOOL='$(SHELL) $(top_builddir)/libtool --silent'
LN_S='ln -s'
LTLIBOBJS=''
MAKEINFO='${SHELL} /home/dale/code/mailtc/missing --run makeinfo'
MKINSTALLDIRS='./mkinstalldirs'
MSGFMT='/usr/bin/msgfmt'
MTC_NLS_FALSE='#'
MTC_NLS_TRUE=''
MTC_SSL_FALSE='#'
MTC_SSL_TRUE=''
OBJEXT='o'
PACKAGE='mailtc'
PACKAGE_BUGREPORT=''
PACKAGE_NAME=''
PACKAGE_STRING=''
PACKAGE_TARNAME=''
PACKAGE_VERSION=''
PATH_SEPARATOR=':'
PKG_CONFIG='/usr/bin/pkg-config'
POFILES=''
POSUB='po'
PO_IN_DATADIR_FALSE=''
PO_IN_DATADIR_TRUE=''
RANLIB='ranlib'
SET_MAKE=''
SHELL='/bin/sh'
STRIP='strip'
USE_NLS='yes'
VERSION='1.2.0'
XGETTEXT='/usr/bin/xgettext'
ac_ct_AR='ar'
ac_ct_CC='gcc'
ac_ct_CXX='g++'
ac_ct_F77='g77'
ac_ct_RANLIB='ranlib'
ac_ct_STRIP='strip'
am__fastdepCC_FALSE='#'
am__fastdepCC_TRUE=''
am__fastdepCXX_FALSE='#'
am__fastdepCXX_TRUE=''
am__include='include'
am__leading_dot='.'
am__quote=''
am__tar='${AMTAR} chof - "$$tardir"'
am__untar='${AMTAR} xf -'
bindir='${exec_prefix}/bin'
build='i686-pc-linux-gnu'
build_alias=''
build_cpu='i686'
build_os='linux-gnu'
build_vendor='pc'
datadir='${prefix}/share'
exec_prefix='${prefix}'
host='i686-pc-linux-gnu'
host_alias=''
host_cpu='i686'
host_os='linux-gnu'
host_vendor='pc'
includedir='${prefix}/include'
infodir='${prefix}/info'
install_sh='/home/dale/code/mailtc/install-sh'
libdir='${exec_prefix}/lib'
libexecdir='${exec_prefix}/libexec'
localstatedir='${prefix}/var'
mandir='${prefix}/man'
mkdir_p='mkdir -p --'
oldincludedir='/usr/include'
prefix='/usr/local'
program_transform_name='s,x,x,'
sbindir='${exec_prefix}/sbin'
sharedstatedir='${prefix}/com'
sysconfdir='${prefix}/etc'
target_alias=''

## ----------- ##
## confdefs.h. ##
## ----------- ##

#define ENABLE_NLS 1
#define GETTEXT_PACKAGE "mailtc"
#define HAVE_ACCESS 1
#define HAVE_BIND_TEXTDOMAIN_CODESET 1
#define HAVE_CONNECT 1
#define HAVE_DCGETTEXT 1
#define HAVE_DLFCN_H 1
#define HAVE_EXECLP 1
#define HAVE_FOPEN 1
#define HAVE_FORK 1
#define HAVE_GETHOSTBYNAME 1
#define HAVE_GETTEXT 1
#define HAVE_INTTYPES_H 1
#define HAVE_KILL 1
#define HAVE_LC_MESSAGES 1
#define HAVE_LIMITS_H 1
#define HAVE_LOCALE_H 1
#define HAVE_MEMORY_H 1
#define HAVE_MEMSET 1
#define HAVE_MKDIR 1
#define HAVE_NETDB_H 1
#define HAVE_NETINET_IN_H 1
#define HAVE_RECV 1
#define HAVE_REMOVE 1
#define HAVE_RENAME 1
#define HAVE_SELECT 1
#define HAVE_SEND 1
#define HAVE_SOCKET 1
#define HAVE_STDINT_H 1
#define HAVE_STDLIB_H 1
#define HAVE_STRINGS_H 1
#define HAVE_STRING_H 1
#define HAVE_STRSTR 1
#define HAVE_SYS_SELECT_H 1
#define HAVE_SYS_SOCKET_H 1
#define HAVE_SYS_STAT_H 1
#define HAVE_SYS_STAT_H 1
#define HAVE_SYS_TYPES_H 1
#define HAVE_SYS_TYPES_H 1
#define HAVE_TIME 1
#define HAVE_UNISTD_H 1
#define HAVE_UNISTD_H 1
#define HAVE_VPRINTF 1
#define MTC_USE_SSL 1
#define PACKAGE "mailtc"
#define PACKAGE_BUGREPORT ""
#define PACKAGE_NAME ""
#define PACKAGE_STRING ""
#define PACKAGE_TARNAME ""
#define PACKAGE_VERSION ""
#define STDC_HEADERS 1
#define STDC_HEADERS 1
#define VERSION "1.2.0"
#endif
#ifdef __cplusplus
extern "C" void std::exit (int) throw (); using std::exit;

configure: exit 0
